#
# There is insufficient memory for the Java Runtime Environment to continue.
# Native memory allocation (malloc) failed to allocate 1014656 bytes. Error detail: Chunk::new
# Possible reasons:
#   The system is out of physical RAM or swap space
#   This process is running with CompressedOops enabled, and the Java Heap may be blocking the growth of the native heap
# Possible solutions:
#   Reduce memory load on the system
#   Increase physical memory or swap space
#   Check if swap backing store is full
#   Decrease Java heap size (-Xmx/-Xms)
#   Decrease number of Java threads
#   Decrease Java thread stack sizes (-Xss)
#   Set larger code cache with -XX:ReservedCodeCacheSize=
#   JVM is running with Unscaled Compressed Oops mode in which the Java heap is
#     placed in the first 4GB address space. The Java Heap base address is the
#     maximum limit for the native heap growth. Please use -XX:HeapBaseMinAddress
#     to set the Java Heap base and to place the Java Heap above 4GB virtual address.
# This output file may be truncated or incomplete.
#
#  Out of Memory Error (arena.cpp:168), pid=18880, tid=10220
#
# JRE version: OpenJDK Runtime Environment Microsoft-11369940 (21.0.7+6) (build 21.0.7+6-LTS)
# Java VM: OpenJDK 64-Bit Server VM Microsoft-11369940 (21.0.7+6-LTS, mixed mode, sharing, tiered, compressed oops, compressed class ptrs, g1 gc, windows-amd64)
# No core dump will be written. Minidumps are not enabled by default on client versions of Windows
#

---------------  S U M M A R Y ------------

Command Line: -javaagent:C:\Users\AMGroup\AppData\Local\JetBrains\IdeaIC2025.1\captureAgent\debugger-agent.jar=file:///C:/Users/AMGroup/AppData/Local/Temp/capture10417593686197625973.props -ea --enable-preview -Didea.test.cyclic.buffer.size=1048576 -javaagent:C:\Program Files\JetBrains\IntelliJ IDEA Community Edition 2025.1.3\lib\idea_rt.jar=62016 -Dkotlinx.coroutines.debug.enable.creation.stack.trace=false -Ddebugger.agent.enable.coroutines=true -Dkotlinx.coroutines.debug.enable.flows.stack.trace=true -Dkotlinx.coroutines.debug.enable.mutable.state.flows.stack.trace=true -Dfile.encoding=UTF-8 -Dsun.stdout.encoding=UTF-8 -Dsun.stderr.encoding=UTF-8 com.intellij.rt.testng.RemoteTestNGStarter -usedefaultlisteners false -socket62015 @w@C:\Users\AMGroup\AppData\Local\Temp\idea_working_dirs_testng.tmp -temp C:\Users\AMGroup\AppData\Local\Temp\idea_testng.tmp

Host: Intel(R) Core(TM) i5-8265U CPU @ 1.60GHz, 8 cores, 7G,  Windows 11 , 64 bit Build 26100 (10.0.26100.7019)
Time: Tue Nov 25 19:16:28 2025 Egypt Standard Time elapsed time: 7.300309 seconds (0d 0h 0m 7s)

---------------  T H R E A D  ---------------

Current thread (0x00000260ef00b590):  JavaThread "C2 CompilerThread0" daemon [_thread_in_native, id=10220, stack(0x000000bb3e300000,0x000000bb3e400000) (1024K)]


Current CompileTask:
C2:7300 2239       4       java.lang.invoke.MethodType::makeImpl (109 bytes)

Stack: [0x000000bb3e300000,0x000000bb3e400000]
Native frames: (J=compiled Java code, j=interpreted, Vv=VM code, C=native code)
V  [jvm.dll+0x6d4bb9]
V  [jvm.dll+0x8afa11]
V  [jvm.dll+0x8b1f3e]
V  [jvm.dll+0x8b2623]
V  [jvm.dll+0x280816]
V  [jvm.dll+0xc52bd]
V  [jvm.dll+0xc57f3]
V  [jvm.dll+0x3bbd5c]
V  [jvm.dll+0x3884b0]
V  [jvm.dll+0x38792a]
V  [jvm.dll+0x248405]
V  [jvm.dll+0x2479df]
V  [jvm.dll+0x1c7aaf]
V  [jvm.dll+0x257819]
V  [jvm.dll+0x255bca]
V  [jvm.dll+0x3f5af6]
V  [jvm.dll+0x85916b]
V  [jvm.dll+0x6d327d]
C  [ucrtbase.dll+0x37b0]
C  [KERNEL32.DLL+0x2e8d7]
C  [ntdll.dll+0x8c53c]


---------------  P R O C E S S  ---------------

Threads class SMR info:
_java_thread_list=0x00000260f0089f00, length=30, elements={
0x000002608adfea00, 0x00000260a97740e0, 0x00000260a9776750, 0x00000260a97772f0,
0x00000260a97781f0, 0x00000260a9778a00, 0x00000260a977af10, 0x00000260ef00b590,
0x00000260ef00cc40, 0x00000260a977d670, 0x00000260a977b5a0, 0x00000260a977a1f0,
0x00000260a977c950, 0x00000260f004c310, 0x00000260f004f790, 0x00000260f004f100,
0x00000260f004d6c0, 0x00000260f004c9a0, 0x00000260f00504b0, 0x00000260f004d030,
0x00000260f0050b40, 0x00000260f00511d0, 0x00000260f004dd50, 0x00000260f0053930,
0x00000260f0051860, 0x00000260f0052c10, 0x00000260f0051ef0, 0x00000260f0052580,
0x00000260f00532a0, 0x00000260f0bb9f20
}

Java Threads: ( => current thread )
  0x000002608adfea00 JavaThread "main"                              [_thread_in_Java, id=1120, stack(0x000000bb3d500000,0x000000bb3d600000) (1024K)]
  0x00000260a97740e0 JavaThread "Reference Handler"          daemon [_thread_blocked, id=10452, stack(0x000000bb3dd00000,0x000000bb3de00000) (1024K)]
  0x00000260a9776750 JavaThread "Finalizer"                  daemon [_thread_blocked, id=21540, stack(0x000000bb3de00000,0x000000bb3df00000) (1024K)]
  0x00000260a97772f0 JavaThread "Signal Dispatcher"          daemon [_thread_blocked, id=18632, stack(0x000000bb3df00000,0x000000bb3e000000) (1024K)]
  0x00000260a97781f0 JavaThread "Attach Listener"            daemon [_thread_blocked, id=21636, stack(0x000000bb3e000000,0x000000bb3e100000) (1024K)]
  0x00000260a9778a00 JavaThread "Service Thread"             daemon [_thread_blocked, id=21048, stack(0x000000bb3e100000,0x000000bb3e200000) (1024K)]
  0x00000260a977af10 JavaThread "Monitor Deflation Thread"   daemon [_thread_blocked, id=4280, stack(0x000000bb3e200000,0x000000bb3e300000) (1024K)]
=>0x00000260ef00b590 JavaThread "C2 CompilerThread0"         daemon [_thread_in_native, id=10220, stack(0x000000bb3e300000,0x000000bb3e400000) (1024K)]
  0x00000260ef00cc40 JavaThread "C1 CompilerThread0"         daemon [_thread_in_native, id=18036, stack(0x000000bb3e400000,0x000000bb3e500000) (1024K)]
  0x00000260a977d670 JavaThread "Common-Cleaner"             daemon [_thread_blocked, id=7096, stack(0x000000bb3e500000,0x000000bb3e600000) (1024K)]
  0x00000260a977b5a0 JavaThread "IntelliJ Suspend Helper"    daemon [_thread_blocked, id=19812, stack(0x000000bb3e600000,0x000000bb3e700000) (1024K)]
  0x00000260a977a1f0 JavaThread "Monitor Ctrl-Break"         daemon [_thread_in_native, id=1960, stack(0x000000bb3e700000,0x000000bb3e800000) (1024K)]
  0x00000260a977c950 JavaThread "Notification Thread"        daemon [_thread_blocked, id=17988, stack(0x000000bb3e800000,0x000000bb3e900000) (1024K)]
  0x00000260f004c310 JavaThread "ForkJoinPool.commonPool-worker-1" daemon [_thread_blocked, id=21468, stack(0x000000bb3f000000,0x000000bb3f100000) (1024K)]
  0x00000260f004f790 JavaThread "HttpClient-1-SelectorManager" daemon [_thread_in_native, id=5444, stack(0x000000bb3f100000,0x000000bb3f200000) (1024K)]
  0x00000260f004f100 JavaThread "External Process Output Forwarder - C:\Users\AMGroup\.cache\selenium\chromedriver\win64\142.0.7444.175\chromedriver.exe" daemon [_thread_in_native, id=14112, stack(0x000000bb3f200000,0x000000bb3f300000) (1024K)]
  0x00000260f004d6c0 JavaThread "Driver Service Executor"    daemon [_thread_blocked, id=15992, stack(0x000000bb3f300000,0x000000bb3f400000) (1024K)]
  0x00000260f004c9a0 JavaThread "Driver Service Executor"    daemon [_thread_in_native, id=19216, stack(0x000000bb3f400000,0x000000bb3f500000) (1024K)]
  0x00000260f00504b0 JavaThread "UrlChecker-2"               daemon [_thread_blocked, id=14604, stack(0x000000bb3f500000,0x000000bb3f600000) (1024K)]
  0x00000260f004d030 JavaThread "Keep-Alive-Timer"           daemon [_thread_blocked, id=18276, stack(0x000000bb3f700000,0x000000bb3f800000) (1024K)]
  0x00000260f0050b40 JavaThread "JdkHttpClient-0-0"          daemon [_thread_blocked, id=4708, stack(0x000000bb3f800000,0x000000bb3f900000) (1024K)]
  0x00000260f00511d0 JavaThread "CompletableFutureDelayScheduler" daemon [_thread_blocked, id=2964, stack(0x000000bb3f900000,0x000000bb3fa00000) (1024K)]
  0x00000260f004dd50 JavaThread "JdkHttpClient-0-1"          daemon [_thread_blocked, id=8276, stack(0x000000bb3fa00000,0x000000bb3fb00000) (1024K)]
  0x00000260f0053930 JavaThread "JdkHttpClient-0-2"          daemon [_thread_blocked, id=6860, stack(0x000000bb3fb00000,0x000000bb3fc00000) (1024K)]
  0x00000260f0051860 JavaThread "JdkHttpClient-0-3"          daemon [_thread_blocked, id=19016, stack(0x000000bb3fc00000,0x000000bb3fd00000) (1024K)]
  0x00000260f0052c10 JavaThread "HttpClient-2-SelectorManager" daemon [_thread_in_native, id=10864, stack(0x000000bb3fd00000,0x000000bb3fe00000) (1024K)]
  0x00000260f0051ef0 JavaThread "JdkHttpClient-1-0"          daemon [_thread_blocked, id=11556, stack(0x000000bb3fe00000,0x000000bb3ff00000) (1024K)]
  0x00000260f0052580 JavaThread "JdkHttpClient-1-1"          daemon [_thread_blocked, id=21628, stack(0x000000bb3ff00000,0x000000bb40000000) (1024K)]
  0x00000260f00532a0 JavaThread "JdkHttpClient-1-2"          daemon [_thread_blocked, id=1728, stack(0x000000bb40000000,0x000000bb40100000) (1024K)]
  0x00000260f0bb9f20 JavaThread "JdkHttpClient-1-3"          daemon [_thread_blocked, id=13512, stack(0x000000bb40100000,0x000000bb40200000) (1024K)]
Total: 30

Other Threads:
  0x000002608add4660 VMThread "VM Thread"                           [id=15612, stack(0x000000bb3dc00000,0x000000bb3dd00000) (1024K)]
  0x00000260a9744ac0 WatcherThread "VM Periodic Task Thread"        [id=16276, stack(0x000000bb3db00000,0x000000bb3dc00000) (1024K)]
  0x000002608add3f20 WorkerThread "GC Thread#0"                     [id=16892, stack(0x000000bb3d600000,0x000000bb3d700000) (1024K)]
  0x00000260ef87df30 WorkerThread "GC Thread#1"                     [id=7268, stack(0x000000bb3e900000,0x000000bb3ea00000) (1024K)]
  0x00000260ef87d7f0 WorkerThread "GC Thread#2"                     [id=21556, stack(0x000000bb3ea00000,0x000000bb3eb00000) (1024K)]
  0x00000260ef87e670 WorkerThread "GC Thread#3"                     [id=2400, stack(0x000000bb3eb00000,0x000000bb3ec00000) (1024K)]
  0x00000260ef87f890 WorkerThread "GC Thread#4"                     [id=21492, stack(0x000000bb3ec00000,0x000000bb3ed00000) (1024K)]
  0x00000260ef880710 WorkerThread "GC Thread#5"                     [id=1780, stack(0x000000bb3ed00000,0x000000bb3ee00000) (1024K)]
  0x00000260ef87e2d0 WorkerThread "GC Thread#6"                     [id=9356, stack(0x000000bb3ee00000,0x000000bb3ef00000) (1024K)]
  0x00000260ef87edb0 WorkerThread "GC Thread#7"                     [id=1816, stack(0x000000bb3ef00000,0x000000bb3f000000) (1024K)]
  0x000002608aebdec0 ConcurrentGCThread "G1 Main Marker"            [id=16024, stack(0x000000bb3d700000,0x000000bb3d800000) (1024K)]
  0x000002608add42c0 WorkerThread "G1 Conc#0"                       [id=8752, stack(0x000000bb3d800000,0x000000bb3d900000) (1024K)]
  0x000002608d26e660 ConcurrentGCThread "G1 Refine#0"               [id=8008, stack(0x000000bb3d900000,0x000000bb3da00000) (1024K)]
  0x000002608d26ea90 ConcurrentGCThread "G1 Service"                [id=19932, stack(0x000000bb3da00000,0x000000bb3db00000) (1024K)]
Total: 14

Threads with active compile tasks:
C2 CompilerThread0  7374 2239       4       java.lang.invoke.MethodType::makeImpl (109 bytes)
Total: 1

VM state: not at safepoint (normal execution)

VM Mutex/Monitor currently owned by a thread: None

Heap address: 0x0000000081c00000, size: 2020 MB, Compressed Oops mode: 32-bit

CDS archive(s) mapped at: [0x00000260aa000000-0x00000260aac80000-0x00000260aac80000), size 13107200, SharedBaseAddress: 0x00000260aa000000, ArchiveRelocationMode: 1.
Compressed class space mapped at: 0x00000260ab000000-0x00000260eb000000, reserved size: 1073741824
Narrow klass base: 0x00000260aa000000, Narrow klass shift: 0, Narrow klass range: 0x100000000

GC Precious Log:
 CardTable entry size: 512
 Card Set container configuration: InlinePtr #cards 5 size 8 Array Of Cards #cards 12 size 40 Howl #buckets 4 coarsen threshold 1843 Howl Bitmap #cards 512 size 80 coarsen threshold 460 Card regions per heap region 1 cards per card region 2048
 CPUs: 8 total, 8 available
 Memory: 8079M
 Large Page Support: Disabled
 NUMA Support: Disabled
 Compressed Oops: Enabled (32-bit)
 Heap Region Size: 1M
 Heap Min Capacity: 8M
 Heap Initial Capacity: 128M
 Heap Max Capacity: 2020M
 Pre-touch: Disabled
 Parallel Workers: 8
 Concurrent Workers: 2
 Concurrent Refinement Workers: 8
 Periodic GC: Disabled

Heap:
 garbage-first heap   total 131072K, used 10365K [0x0000000081c00000, 0x0000000100000000)
  region size 1024K, 6 young (6144K), 4 survivors (4096K)
 Metaspace       used 20596K, committed 21120K, reserved 1114112K
  class space    used 2320K, committed 2560K, reserved 1048576K

Heap Regions: E=young(eden), S=young(survivor), O=old, HS=humongous(starts), HC=humongous(continues), CS=collection set, F=free, TAMS=top-at-mark-start, PB=parsable bottom
|   0|0x0000000081c00000, 0x0000000081d00000, 0x0000000081d00000|100%|HS|  |TAMS 0x0000000081c00000| PB 0x0000000081c00000| Complete 
|   1|0x0000000081d00000, 0x0000000081e00000, 0x0000000081e00000|100%| O|  |TAMS 0x0000000081d00000| PB 0x0000000081d00000| Untracked 
|   2|0x0000000081e00000, 0x0000000081f00000, 0x0000000081f00000|100%| O|  |TAMS 0x0000000081e00000| PB 0x0000000081e00000| Untracked 
|   3|0x0000000081f00000, 0x0000000082000000, 0x0000000082000000|100%| O|  |TAMS 0x0000000081f00000| PB 0x0000000081f00000| Untracked 
|   4|0x0000000082000000, 0x0000000082100000, 0x0000000082100000|100%| O|  |TAMS 0x0000000082000000| PB 0x0000000082000000| Untracked 
|   5|0x0000000082100000, 0x0000000082143580, 0x0000000082200000| 26%| O|  |TAMS 0x0000000082100000| PB 0x0000000082100000| Untracked 
|   6|0x0000000082200000, 0x0000000082200000, 0x0000000082300000|  0%| F|  |TAMS 0x0000000082200000| PB 0x0000000082200000| Untracked 
|   7|0x0000000082300000, 0x0000000082300000, 0x0000000082400000|  0%| F|  |TAMS 0x0000000082300000| PB 0x0000000082300000| Untracked 
|   8|0x0000000082400000, 0x0000000082400000, 0x0000000082500000|  0%| F|  |TAMS 0x0000000082400000| PB 0x0000000082400000| Untracked 
|   9|0x0000000082500000, 0x0000000082500000, 0x0000000082600000|  0%| F|  |TAMS 0x0000000082500000| PB 0x0000000082500000| Untracked 
|  10|0x0000000082600000, 0x0000000082600000, 0x0000000082700000|  0%| F|  |TAMS 0x0000000082600000| PB 0x0000000082600000| Untracked 
|  11|0x0000000082700000, 0x0000000082700000, 0x0000000082800000|  0%| F|  |TAMS 0x0000000082700000| PB 0x0000000082700000| Untracked 
|  12|0x0000000082800000, 0x0000000082800000, 0x0000000082900000|  0%| F|  |TAMS 0x0000000082800000| PB 0x0000000082800000| Untracked 
|  13|0x0000000082900000, 0x0000000082900000, 0x0000000082a00000|  0%| F|  |TAMS 0x0000000082900000| PB 0x0000000082900000| Untracked 
|  14|0x0000000082a00000, 0x0000000082a00000, 0x0000000082b00000|  0%| F|  |TAMS 0x0000000082a00000| PB 0x0000000082a00000| Untracked 
|  15|0x0000000082b00000, 0x0000000082b00000, 0x0000000082c00000|  0%| F|  |TAMS 0x0000000082b00000| PB 0x0000000082b00000| Untracked 
|  16|0x0000000082c00000, 0x0000000082c00000, 0x0000000082d00000|  0%| F|  |TAMS 0x0000000082c00000| PB 0x0000000082c00000| Untracked 
|  17|0x0000000082d00000, 0x0000000082d00000, 0x0000000082e00000|  0%| F|  |TAMS 0x0000000082d00000| PB 0x0000000082d00000| Untracked 
|  18|0x0000000082e00000, 0x0000000082e00000, 0x0000000082f00000|  0%| F|  |TAMS 0x0000000082e00000| PB 0x0000000082e00000| Untracked 
|  19|0x0000000082f00000, 0x0000000082f00000, 0x0000000083000000|  0%| F|  |TAMS 0x0000000082f00000| PB 0x0000000082f00000| Untracked 
|  20|0x0000000083000000, 0x0000000083000000, 0x0000000083100000|  0%| F|  |TAMS 0x0000000083000000| PB 0x0000000083000000| Untracked 
|  21|0x0000000083100000, 0x0000000083100000, 0x0000000083200000|  0%| F|  |TAMS 0x0000000083100000| PB 0x0000000083100000| Untracked 
|  22|0x0000000083200000, 0x0000000083200000, 0x0000000083300000|  0%| F|  |TAMS 0x0000000083200000| PB 0x0000000083200000| Untracked 
|  23|0x0000000083300000, 0x0000000083300000, 0x0000000083400000|  0%| F|  |TAMS 0x0000000083300000| PB 0x0000000083300000| Untracked 
|  24|0x0000000083400000, 0x0000000083400000, 0x0000000083500000|  0%| F|  |TAMS 0x0000000083400000| PB 0x0000000083400000| Untracked 
|  25|0x0000000083500000, 0x0000000083500000, 0x0000000083600000|  0%| F|  |TAMS 0x0000000083500000| PB 0x0000000083500000| Untracked 
|  26|0x0000000083600000, 0x0000000083600000, 0x0000000083700000|  0%| F|  |TAMS 0x0000000083600000| PB 0x0000000083600000| Untracked 
|  27|0x0000000083700000, 0x0000000083700000, 0x0000000083800000|  0%| F|  |TAMS 0x0000000083700000| PB 0x0000000083700000| Untracked 
|  28|0x0000000083800000, 0x0000000083800000, 0x0000000083900000|  0%| F|  |TAMS 0x0000000083800000| PB 0x0000000083800000| Untracked 
|  29|0x0000000083900000, 0x0000000083900000, 0x0000000083a00000|  0%| F|  |TAMS 0x0000000083900000| PB 0x0000000083900000| Untracked 
|  30|0x0000000083a00000, 0x0000000083a00000, 0x0000000083b00000|  0%| F|  |TAMS 0x0000000083a00000| PB 0x0000000083a00000| Untracked 
|  31|0x0000000083b00000, 0x0000000083b00000, 0x0000000083c00000|  0%| F|  |TAMS 0x0000000083b00000| PB 0x0000000083b00000| Untracked 
|  32|0x0000000083c00000, 0x0000000083c00000, 0x0000000083d00000|  0%| F|  |TAMS 0x0000000083c00000| PB 0x0000000083c00000| Untracked 
|  33|0x0000000083d00000, 0x0000000083d00000, 0x0000000083e00000|  0%| F|  |TAMS 0x0000000083d00000| PB 0x0000000083d00000| Untracked 
|  34|0x0000000083e00000, 0x0000000083e00000, 0x0000000083f00000|  0%| F|  |TAMS 0x0000000083e00000| PB 0x0000000083e00000| Untracked 
|  35|0x0000000083f00000, 0x0000000083f00000, 0x0000000084000000|  0%| F|  |TAMS 0x0000000083f00000| PB 0x0000000083f00000| Untracked 
|  36|0x0000000084000000, 0x0000000084000000, 0x0000000084100000|  0%| F|  |TAMS 0x0000000084000000| PB 0x0000000084000000| Untracked 
|  37|0x0000000084100000, 0x0000000084100000, 0x0000000084200000|  0%| F|  |TAMS 0x0000000084100000| PB 0x0000000084100000| Untracked 
|  38|0x0000000084200000, 0x0000000084200000, 0x0000000084300000|  0%| F|  |TAMS 0x0000000084200000| PB 0x0000000084200000| Untracked 
|  39|0x0000000084300000, 0x0000000084300000, 0x0000000084400000|  0%| F|  |TAMS 0x0000000084300000| PB 0x0000000084300000| Untracked 
|  40|0x0000000084400000, 0x0000000084400000, 0x0000000084500000|  0%| F|  |TAMS 0x0000000084400000| PB 0x0000000084400000| Untracked 
|  41|0x0000000084500000, 0x0000000084500000, 0x0000000084600000|  0%| F|  |TAMS 0x0000000084500000| PB 0x0000000084500000| Untracked 
|  42|0x0000000084600000, 0x0000000084600000, 0x0000000084700000|  0%| F|  |TAMS 0x0000000084600000| PB 0x0000000084600000| Untracked 
|  43|0x0000000084700000, 0x0000000084700000, 0x0000000084800000|  0%| F|  |TAMS 0x0000000084700000| PB 0x0000000084700000| Untracked 
|  44|0x0000000084800000, 0x0000000084800000, 0x0000000084900000|  0%| F|  |TAMS 0x0000000084800000| PB 0x0000000084800000| Untracked 
|  45|0x0000000084900000, 0x0000000084900000, 0x0000000084a00000|  0%| F|  |TAMS 0x0000000084900000| PB 0x0000000084900000| Untracked 
|  46|0x0000000084a00000, 0x0000000084a00000, 0x0000000084b00000|  0%| F|  |TAMS 0x0000000084a00000| PB 0x0000000084a00000| Untracked 
|  47|0x0000000084b00000, 0x0000000084b00000, 0x0000000084c00000|  0%| F|  |TAMS 0x0000000084b00000| PB 0x0000000084b00000| Untracked 
|  48|0x0000000084c00000, 0x0000000084c00000, 0x0000000084d00000|  0%| F|  |TAMS 0x0000000084c00000| PB 0x0000000084c00000| Untracked 
|  49|0x0000000084d00000, 0x0000000084d00000, 0x0000000084e00000|  0%| F|  |TAMS 0x0000000084d00000| PB 0x0000000084d00000| Untracked 
|  50|0x0000000084e00000, 0x0000000084e00000, 0x0000000084f00000|  0%| F|  |TAMS 0x0000000084e00000| PB 0x0000000084e00000| Untracked 
|  51|0x0000000084f00000, 0x0000000084f00000, 0x0000000085000000|  0%| F|  |TAMS 0x0000000084f00000| PB 0x0000000084f00000| Untracked 
|  52|0x0000000085000000, 0x0000000085000000, 0x0000000085100000|  0%| F|  |TAMS 0x0000000085000000| PB 0x0000000085000000| Untracked 
|  53|0x0000000085100000, 0x0000000085100000, 0x0000000085200000|  0%| F|  |TAMS 0x0000000085100000| PB 0x0000000085100000| Untracked 
|  54|0x0000000085200000, 0x0000000085200000, 0x0000000085300000|  0%| F|  |TAMS 0x0000000085200000| PB 0x0000000085200000| Untracked 
|  55|0x0000000085300000, 0x0000000085300000, 0x0000000085400000|  0%| F|  |TAMS 0x0000000085300000| PB 0x0000000085300000| Untracked 
|  56|0x0000000085400000, 0x0000000085400000, 0x0000000085500000|  0%| F|  |TAMS 0x0000000085400000| PB 0x0000000085400000| Untracked 
|  57|0x0000000085500000, 0x0000000085500000, 0x0000000085600000|  0%| F|  |TAMS 0x0000000085500000| PB 0x0000000085500000| Untracked 
|  58|0x0000000085600000, 0x0000000085600000, 0x0000000085700000|  0%| F|  |TAMS 0x0000000085600000| PB 0x0000000085600000| Untracked 
|  59|0x0000000085700000, 0x0000000085700000, 0x0000000085800000|  0%| F|  |TAMS 0x0000000085700000| PB 0x0000000085700000| Untracked 
|  60|0x0000000085800000, 0x0000000085800000, 0x0000000085900000|  0%| F|  |TAMS 0x0000000085800000| PB 0x0000000085800000| Untracked 
|  61|0x0000000085900000, 0x0000000085900000, 0x0000000085a00000|  0%| F|  |TAMS 0x0000000085900000| PB 0x0000000085900000| Untracked 
|  62|0x0000000085a00000, 0x0000000085a00000, 0x0000000085b00000|  0%| F|  |TAMS 0x0000000085a00000| PB 0x0000000085a00000| Untracked 
|  63|0x0000000085b00000, 0x0000000085b00000, 0x0000000085c00000|  0%| F|  |TAMS 0x0000000085b00000| PB 0x0000000085b00000| Untracked 
|  64|0x0000000085c00000, 0x0000000085c00000, 0x0000000085d00000|  0%| F|  |TAMS 0x0000000085c00000| PB 0x0000000085c00000| Untracked 
|  65|0x0000000085d00000, 0x0000000085d00000, 0x0000000085e00000|  0%| F|  |TAMS 0x0000000085d00000| PB 0x0000000085d00000| Untracked 
|  66|0x0000000085e00000, 0x0000000085e00000, 0x0000000085f00000|  0%| F|  |TAMS 0x0000000085e00000| PB 0x0000000085e00000| Untracked 
|  67|0x0000000085f00000, 0x0000000085f00000, 0x0000000086000000|  0%| F|  |TAMS 0x0000000085f00000| PB 0x0000000085f00000| Untracked 
|  68|0x0000000086000000, 0x0000000086000000, 0x0000000086100000|  0%| F|  |TAMS 0x0000000086000000| PB 0x0000000086000000| Untracked 
|  69|0x0000000086100000, 0x0000000086100000, 0x0000000086200000|  0%| F|  |TAMS 0x0000000086100000| PB 0x0000000086100000| Untracked 
|  70|0x0000000086200000, 0x0000000086200000, 0x0000000086300000|  0%| F|  |TAMS 0x0000000086200000| PB 0x0000000086200000| Untracked 
|  71|0x0000000086300000, 0x0000000086300000, 0x0000000086400000|  0%| F|  |TAMS 0x0000000086300000| PB 0x0000000086300000| Untracked 
|  72|0x0000000086400000, 0x0000000086400000, 0x0000000086500000|  0%| F|  |TAMS 0x0000000086400000| PB 0x0000000086400000| Untracked 
|  73|0x0000000086500000, 0x0000000086500000, 0x0000000086600000|  0%| F|  |TAMS 0x0000000086500000| PB 0x0000000086500000| Untracked 
|  74|0x0000000086600000, 0x0000000086600000, 0x0000000086700000|  0%| F|  |TAMS 0x0000000086600000| PB 0x0000000086600000| Untracked 
|  75|0x0000000086700000, 0x0000000086700000, 0x0000000086800000|  0%| F|  |TAMS 0x0000000086700000| PB 0x0000000086700000| Untracked 
|  76|0x0000000086800000, 0x0000000086800000, 0x0000000086900000|  0%| F|  |TAMS 0x0000000086800000| PB 0x0000000086800000| Untracked 
|  77|0x0000000086900000, 0x0000000086900000, 0x0000000086a00000|  0%| F|  |TAMS 0x0000000086900000| PB 0x0000000086900000| Untracked 
|  78|0x0000000086a00000, 0x0000000086a00000, 0x0000000086b00000|  0%| F|  |TAMS 0x0000000086a00000| PB 0x0000000086a00000| Untracked 
|  79|0x0000000086b00000, 0x0000000086b00000, 0x0000000086c00000|  0%| F|  |TAMS 0x0000000086b00000| PB 0x0000000086b00000| Untracked 
|  80|0x0000000086c00000, 0x0000000086c00000, 0x0000000086d00000|  0%| F|  |TAMS 0x0000000086c00000| PB 0x0000000086c00000| Untracked 
|  81|0x0000000086d00000, 0x0000000086d00000, 0x0000000086e00000|  0%| F|  |TAMS 0x0000000086d00000| PB 0x0000000086d00000| Untracked 
|  82|0x0000000086e00000, 0x0000000086e00000, 0x0000000086f00000|  0%| F|  |TAMS 0x0000000086e00000| PB 0x0000000086e00000| Untracked 
|  83|0x0000000086f00000, 0x0000000086f00000, 0x0000000087000000|  0%| F|  |TAMS 0x0000000086f00000| PB 0x0000000086f00000| Untracked 
|  84|0x0000000087000000, 0x0000000087000000, 0x0000000087100000|  0%| F|  |TAMS 0x0000000087000000| PB 0x0000000087000000| Untracked 
|  85|0x0000000087100000, 0x0000000087100000, 0x0000000087200000|  0%| F|  |TAMS 0x0000000087100000| PB 0x0000000087100000| Untracked 
|  86|0x0000000087200000, 0x0000000087200000, 0x0000000087300000|  0%| F|  |TAMS 0x0000000087200000| PB 0x0000000087200000| Untracked 
|  87|0x0000000087300000, 0x0000000087300000, 0x0000000087400000|  0%| F|  |TAMS 0x0000000087300000| PB 0x0000000087300000| Untracked 
|  88|0x0000000087400000, 0x0000000087400000, 0x0000000087500000|  0%| F|  |TAMS 0x0000000087400000| PB 0x0000000087400000| Untracked 
|  89|0x0000000087500000, 0x0000000087500000, 0x0000000087600000|  0%| F|  |TAMS 0x0000000087500000| PB 0x0000000087500000| Untracked 
|  90|0x0000000087600000, 0x0000000087600000, 0x0000000087700000|  0%| F|  |TAMS 0x0000000087600000| PB 0x0000000087600000| Untracked 
|  91|0x0000000087700000, 0x00000000877dbfe8, 0x0000000087800000| 85%| S|CS|TAMS 0x0000000087700000| PB 0x0000000087700000| Complete 
|  92|0x0000000087800000, 0x0000000087900000, 0x0000000087900000|100%| S|CS|TAMS 0x0000000087800000| PB 0x0000000087800000| Complete 
|  93|0x0000000087900000, 0x0000000087a00000, 0x0000000087a00000|100%| S|CS|TAMS 0x0000000087900000| PB 0x0000000087900000| Complete 
|  94|0x0000000087a00000, 0x0000000087b00000, 0x0000000087b00000|100%| S|CS|TAMS 0x0000000087a00000| PB 0x0000000087a00000| Complete 
|  95|0x0000000087b00000, 0x0000000087b00000, 0x0000000087c00000|  0%| F|  |TAMS 0x0000000087b00000| PB 0x0000000087b00000| Untracked 
|  96|0x0000000087c00000, 0x0000000087c00000, 0x0000000087d00000|  0%| F|  |TAMS 0x0000000087c00000| PB 0x0000000087c00000| Untracked 
|  97|0x0000000087d00000, 0x0000000087d00000, 0x0000000087e00000|  0%| F|  |TAMS 0x0000000087d00000| PB 0x0000000087d00000| Untracked 
|  98|0x0000000087e00000, 0x0000000087e00000, 0x0000000087f00000|  0%| F|  |TAMS 0x0000000087e00000| PB 0x0000000087e00000| Untracked 
|  99|0x0000000087f00000, 0x0000000087f00000, 0x0000000088000000|  0%| F|  |TAMS 0x0000000087f00000| PB 0x0000000087f00000| Untracked 
| 100|0x0000000088000000, 0x0000000088000000, 0x0000000088100000|  0%| F|  |TAMS 0x0000000088000000| PB 0x0000000088000000| Untracked 
| 101|0x0000000088100000, 0x0000000088100000, 0x0000000088200000|  0%| F|  |TAMS 0x0000000088100000| PB 0x0000000088100000| Untracked 
| 102|0x0000000088200000, 0x0000000088200000, 0x0000000088300000|  0%| F|  |TAMS 0x0000000088200000| PB 0x0000000088200000| Untracked 
| 103|0x0000000088300000, 0x0000000088300000, 0x0000000088400000|  0%| F|  |TAMS 0x0000000088300000| PB 0x0000000088300000| Untracked 
| 104|0x0000000088400000, 0x0000000088400000, 0x0000000088500000|  0%| F|  |TAMS 0x0000000088400000| PB 0x0000000088400000| Untracked 
| 105|0x0000000088500000, 0x0000000088500000, 0x0000000088600000|  0%| F|  |TAMS 0x0000000088500000| PB 0x0000000088500000| Untracked 
| 106|0x0000000088600000, 0x0000000088600000, 0x0000000088700000|  0%| F|  |TAMS 0x0000000088600000| PB 0x0000000088600000| Untracked 
| 107|0x0000000088700000, 0x0000000088700000, 0x0000000088800000|  0%| F|  |TAMS 0x0000000088700000| PB 0x0000000088700000| Untracked 
| 108|0x0000000088800000, 0x0000000088800000, 0x0000000088900000|  0%| F|  |TAMS 0x0000000088800000| PB 0x0000000088800000| Untracked 
| 109|0x0000000088900000, 0x0000000088900000, 0x0000000088a00000|  0%| F|  |TAMS 0x0000000088900000| PB 0x0000000088900000| Untracked 
| 110|0x0000000088a00000, 0x0000000088a00000, 0x0000000088b00000|  0%| F|  |TAMS 0x0000000088a00000| PB 0x0000000088a00000| Untracked 
| 111|0x0000000088b00000, 0x0000000088b00000, 0x0000000088c00000|  0%| F|  |TAMS 0x0000000088b00000| PB 0x0000000088b00000| Untracked 
| 112|0x0000000088c00000, 0x0000000088c00000, 0x0000000088d00000|  0%| F|  |TAMS 0x0000000088c00000| PB 0x0000000088c00000| Untracked 
| 113|0x0000000088d00000, 0x0000000088d00000, 0x0000000088e00000|  0%| F|  |TAMS 0x0000000088d00000| PB 0x0000000088d00000| Untracked 
| 114|0x0000000088e00000, 0x0000000088e00000, 0x0000000088f00000|  0%| F|  |TAMS 0x0000000088e00000| PB 0x0000000088e00000| Untracked 
| 115|0x0000000088f00000, 0x0000000088f00000, 0x0000000089000000|  0%| F|  |TAMS 0x0000000088f00000| PB 0x0000000088f00000| Untracked 
| 116|0x0000000089000000, 0x0000000089000000, 0x0000000089100000|  0%| F|  |TAMS 0x0000000089000000| PB 0x0000000089000000| Untracked 
| 117|0x0000000089100000, 0x0000000089100000, 0x0000000089200000|  0%| F|  |TAMS 0x0000000089100000| PB 0x0000000089100000| Untracked 
| 118|0x0000000089200000, 0x0000000089200000, 0x0000000089300000|  0%| F|  |TAMS 0x0000000089200000| PB 0x0000000089200000| Untracked 
| 119|0x0000000089300000, 0x0000000089300000, 0x0000000089400000|  0%| F|  |TAMS 0x0000000089300000| PB 0x0000000089300000| Untracked 
| 120|0x0000000089400000, 0x0000000089400000, 0x0000000089500000|  0%| F|  |TAMS 0x0000000089400000| PB 0x0000000089400000| Untracked 
| 121|0x0000000089500000, 0x0000000089500000, 0x0000000089600000|  0%| F|  |TAMS 0x0000000089500000| PB 0x0000000089500000| Untracked 
| 122|0x0000000089600000, 0x0000000089600000, 0x0000000089700000|  0%| F|  |TAMS 0x0000000089600000| PB 0x0000000089600000| Untracked 
| 123|0x0000000089700000, 0x0000000089700000, 0x0000000089800000|  0%| F|  |TAMS 0x0000000089700000| PB 0x0000000089700000| Untracked 
| 124|0x0000000089800000, 0x0000000089800000, 0x0000000089900000|  0%| F|  |TAMS 0x0000000089800000| PB 0x0000000089800000| Untracked 
| 125|0x0000000089900000, 0x0000000089900000, 0x0000000089a00000|  0%| F|  |TAMS 0x0000000089900000| PB 0x0000000089900000| Untracked 
| 126|0x0000000089a00000, 0x0000000089b00000, 0x0000000089b00000|100%| E|  |TAMS 0x0000000089a00000| PB 0x0000000089a00000| Complete 
| 127|0x0000000089b00000, 0x0000000089c00000, 0x0000000089c00000|100%| E|CS|TAMS 0x0000000089b00000| PB 0x0000000089b00000| Complete 

Card table byte_map: [0x00000260a4fd0000,0x00000260a53d0000] _byte_map_base: 0x00000260a4bc2000

Marking Bits: (CMBitMap*) 0x000002608d2174a0
 Bits: [0x00000260a53d0000, 0x00000260a7360000)

Polling page: 0x000002608b490000

Metaspace:

Usage:
  Non-class:     17.86 MB used.
      Class:      2.27 MB used.
       Both:     20.12 MB used.

Virtual space:
  Non-class space:       64.00 MB reserved,      18.12 MB ( 28%) committed,  1 nodes.
      Class space:        1.00 GB reserved,       2.50 MB ( <1%) committed,  1 nodes.
             Both:        1.06 GB reserved,      20.62 MB (  2%) committed. 

Chunk freelists:
   Non-Class:  13.36 MB
       Class:  13.42 MB
        Both:  26.78 MB

MaxMetaspaceSize: unlimited
CompressedClassSpaceSize: 1.00 GB
Initial GC threshold: 21.00 MB
Current GC threshold: 21.00 MB
CDS: on
 - commit_granule_bytes: 65536.
 - commit_granule_words: 8192.
 - virtual_space_node_default_size: 8388608.
 - enlarge_chunks_in_place: 1.
 - use_allocation_guard: 0.


Internal statistics:

num_allocs_failed_limit: 0.
num_arena_births: 512.
num_arena_deaths: 0.
num_vsnodes_births: 2.
num_vsnodes_deaths: 0.
num_space_committed: 330.
num_space_uncommitted: 0.
num_chunks_returned_to_freelist: 0.
num_chunks_taken_from_freelist: 995.
num_chunk_merges: 0.
num_chunk_splits: 568.
num_chunks_enlarged: 272.
num_inconsistent_stats: 0.

CodeHeap 'non-profiled nmethods': size=120000Kb used=900Kb max_used=900Kb free=119099Kb
 bounds [0x000002609d370000, 0x000002609d5e0000, 0x00000260a48a0000]
CodeHeap 'profiled nmethods': size=120000Kb used=4310Kb max_used=4310Kb free=115689Kb
 bounds [0x00000260958a0000, 0x0000026095ce0000, 0x000002609cdd0000]
CodeHeap 'non-nmethods': size=5760Kb used=1499Kb max_used=1577Kb free=4260Kb
 bounds [0x000002609cdd0000, 0x000002609d040000, 0x000002609d370000]
 total_blobs=2852 nmethods=2278 adapters=478
 compilation: enabled
              stopped_count=0, restarted_count=0
 full_count=0

Compilation events (20 events):
Event: 7.094 Thread 0x00000260ef00cc40 nmethod 2230 0x0000026095cbea10 code [0x0000026095cbebe0, 0x0000026095cbef10]
Event: 7.094 Thread 0x00000260ef00cc40 2231       3       java.util.TreeMap$PrivateEntryIterator::hasNext (13 bytes)
Event: 7.094 Thread 0x00000260ef00cc40 nmethod 2231 0x0000026095cbf010 code [0x0000026095cbf1a0, 0x0000026095cbf300]
Event: 7.099 Thread 0x00000260ef00cc40 2232       3       com.intellij.rt.debugger.agent.CaptureStorage::withoutThrowableCapture (13 bytes)
Event: 7.100 Thread 0x00000260ef00cc40 nmethod 2232 0x0000026095cbf390 code [0x0000026095cbf560, 0x0000026095cbf7e8]
Event: 7.100 Thread 0x00000260ef00cc40 2233       3       com.intellij.rt.debugger.agent.CaptureStorage$9::<init> (10 bytes)
Event: 7.100 Thread 0x00000260ef00cc40 nmethod 2233 0x0000026095cbf910 code [0x0000026095cbfac0, 0x0000026095cbfc88]
Event: 7.100 Thread 0x00000260ef00cc40 2234   !   3       com.intellij.rt.debugger.agent.CaptureStorage::withoutThrowableCapture (46 bytes)
Event: 7.102 Thread 0x00000260ef00cc40 nmethod 2234 0x0000026095cbfd90 code [0x0000026095cc0060, 0x0000026095cc1138]
Event: 7.102 Thread 0x00000260ef00cc40 2235       1       java.util.TreeMap::size (5 bytes)
Event: 7.102 Thread 0x00000260ef00cc40 nmethod 2235 0x000002609d44ee90 code [0x000002609d44f020, 0x000002609d44f0e8]
Event: 7.102 Thread 0x00000260ef00cc40 2236       3       java.lang.Math::addExact (32 bytes)
Event: 7.103 Thread 0x00000260ef00cc40 nmethod 2236 0x0000026095cc1710 code [0x0000026095cc18c0, 0x0000026095cc1ac0]
Event: 7.103 Thread 0x00000260ef00cc40 2237       3       java.util.concurrent.atomic.AtomicLong::incrementAndGet (14 bytes)
Event: 7.103 Thread 0x00000260ef00cc40 nmethod 2237 0x0000026095cc1b90 code [0x0000026095cc1d20, 0x0000026095cc1e48]
Event: 7.104 Thread 0x00000260ef00b590 2238       4       java.lang.Class::cast (27 bytes)
Event: 7.106 Thread 0x00000260ef00b590 nmethod 2238 0x000002609d44f190 code [0x000002609d44f320, 0x000002609d44f438]
Event: 7.106 Thread 0x00000260ef00b590 2239       4       java.lang.invoke.MethodType::makeImpl (109 bytes)
Event: 7.106 Thread 0x00000260ef00cc40 2240       3       jdk.internal.misc.Unsafe::checkPointer (19 bytes)
Event: 7.107 Thread 0x00000260ef00cc40 nmethod 2240 0x0000026095cc1f10 code [0x0000026095cc20e0, 0x0000026095cc2468]

GC Heap History (4 events):
Event: 2.336 GC heap before
{Heap before GC invocations=0 (full 0):
 garbage-first heap   total 131072K, used 23552K [0x0000000081c00000, 0x0000000100000000)
  region size 1024K, 23 young (23552K), 0 survivors (0K)
 Metaspace       used 9811K, committed 10112K, reserved 1114112K
  class space    used 1003K, committed 1152K, reserved 1048576K
}
Event: 2.350 GC heap after
{Heap after GC invocations=1 (full 0):
 garbage-first heap   total 131072K, used 5183K [0x0000000081c00000, 0x0000000100000000)
  region size 1024K, 3 young (3072K), 3 survivors (3072K)
 Metaspace       used 9811K, committed 10112K, reserved 1114112K
  class space    used 1003K, committed 1152K, reserved 1048576K
}
Event: 7.040 GC heap before
{Heap before GC invocations=1 (full 0):
 garbage-first heap   total 131072K, used 35903K [0x0000000081c00000, 0x0000000100000000)
  region size 1024K, 33 young (33792K), 3 survivors (3072K)
 Metaspace       used 20403K, committed 20864K, reserved 1114112K
  class space    used 2295K, committed 2496K, reserved 1048576K
}
Event: 7.064 GC heap after
{Heap after GC invocations=2 (full 0):
 garbage-first heap   total 131072K, used 9341K [0x0000000081c00000, 0x0000000100000000)
  region size 1024K, 4 young (4096K), 4 survivors (4096K)
 Metaspace       used 20403K, committed 20864K, reserved 1114112K
  class space    used 2295K, committed 2496K, reserved 1048576K
}

Dll operation events (12 events):
Event: 0.130 Loaded shared library C:\Users\AMGroup\.jdks\ms-21.0.7\bin\java.dll
Event: 0.135 Loaded shared library C:\Users\AMGroup\.jdks\ms-21.0.7\bin\zip.dll
Event: 0.217 Loaded shared library C:\Users\AMGroup\.jdks\ms-21.0.7\bin\jsvml.dll
Event: 0.461 Loaded shared library C:\Users\AMGroup\.jdks\ms-21.0.7\bin\instrument.dll
Event: 0.619 Loaded shared library C:\Users\AMGroup\.jdks\ms-21.0.7\bin\net.dll
Event: 0.622 Loaded shared library C:\Users\AMGroup\.jdks\ms-21.0.7\bin\nio.dll
Event: 0.655 Loaded shared library C:\Users\AMGroup\.jdks\ms-21.0.7\bin\zip.dll
Event: 0.695 Loaded shared library C:\Users\AMGroup\.jdks\ms-21.0.7\bin\extnet.dll
Event: 0.984 Loaded shared library C:\Users\AMGroup\.jdks\ms-21.0.7\bin\jimage.dll
Event: 2.659 Loaded shared library C:\Users\AMGroup\.jdks\ms-21.0.7\bin\management.dll
Event: 2.669 Loaded shared library C:\Users\AMGroup\.jdks\ms-21.0.7\bin\management_ext.dll
Event: 3.898 Loaded shared library C:\Users\AMGroup\.jdks\ms-21.0.7\bin\sunmscapi.dll

Deoptimization events (20 events):
Event: 6.893 Thread 0x000002608adfea00 Uncommon trap: trap_request=0xffffff45 fr.pc=0x000002609d409c0c relative=0x00000000000010ec
Event: 6.893 Thread 0x000002608adfea00 Uncommon trap: reason=unstable_if action=reinterpret pc=0x000002609d409c0c method=java.util.concurrent.ConcurrentHashMap.putVal(Ljava/lang/Object;Ljava/lang/Object;Z)Ljava/lang/Object; @ 231 c2
Event: 6.893 Thread 0x000002608adfea00 DEOPT PACKING pc=0x000002609d409c0c sp=0x000000bb3d5fdfa0
Event: 6.893 Thread 0x000002608adfea00 DEOPT UNPACKING pc=0x000002609ce246a2 sp=0x000000bb3d5fdf20 mode 2
Event: 7.023 Thread 0x000002608adfea00 Uncommon trap: trap_request=0xffffffde fr.pc=0x000002609d44e4dc relative=0x000000000000013c
Event: 7.023 Thread 0x000002608adfea00 Uncommon trap: reason=class_check action=maybe_recompile pc=0x000002609d44e4dc method=jdk.internal.misc.Unsafe.allocateUninitializedArray(Ljava/lang/Class;I)Ljava/lang/Object; @ 51 c2
Event: 7.023 Thread 0x000002608adfea00 DEOPT PACKING pc=0x000002609d44e4dc sp=0x000000bb3d5fad90
Event: 7.023 Thread 0x000002608adfea00 DEOPT UNPACKING pc=0x000002609ce246a2 sp=0x000000bb3d5fad08 mode 2
Event: 7.023 Thread 0x000002608adfea00 Uncommon trap: trap_request=0xffffffde fr.pc=0x000002609d44e4dc relative=0x000000000000013c
Event: 7.023 Thread 0x000002608adfea00 Uncommon trap: reason=class_check action=maybe_recompile pc=0x000002609d44e4dc method=jdk.internal.misc.Unsafe.allocateUninitializedArray(Ljava/lang/Class;I)Ljava/lang/Object; @ 51 c2
Event: 7.023 Thread 0x000002608adfea00 DEOPT PACKING pc=0x000002609d44e4dc sp=0x000000bb3d5fa700
Event: 7.023 Thread 0x000002608adfea00 DEOPT UNPACKING pc=0x000002609ce246a2 sp=0x000000bb3d5fa678 mode 2
Event: 7.023 Thread 0x000002608adfea00 Uncommon trap: trap_request=0xffffffde fr.pc=0x000002609d44e4dc relative=0x000000000000013c
Event: 7.023 Thread 0x000002608adfea00 Uncommon trap: reason=class_check action=maybe_recompile pc=0x000002609d44e4dc method=jdk.internal.misc.Unsafe.allocateUninitializedArray(Ljava/lang/Class;I)Ljava/lang/Object; @ 51 c2
Event: 7.023 Thread 0x000002608adfea00 DEOPT PACKING pc=0x000002609d44e4dc sp=0x000000bb3d5fa700
Event: 7.023 Thread 0x000002608adfea00 DEOPT UNPACKING pc=0x000002609ce246a2 sp=0x000000bb3d5fa678 mode 2
Event: 7.023 Thread 0x000002608adfea00 Uncommon trap: trap_request=0xffffffde fr.pc=0x000002609d44e4dc relative=0x000000000000013c
Event: 7.023 Thread 0x000002608adfea00 Uncommon trap: reason=class_check action=maybe_recompile pc=0x000002609d44e4dc method=jdk.internal.misc.Unsafe.allocateUninitializedArray(Ljava/lang/Class;I)Ljava/lang/Object; @ 51 c2
Event: 7.023 Thread 0x000002608adfea00 DEOPT PACKING pc=0x000002609d44e4dc sp=0x000000bb3d5fa9a0
Event: 7.023 Thread 0x000002608adfea00 DEOPT UNPACKING pc=0x000002609ce246a2 sp=0x000000bb3d5fa918 mode 2

Classes loaded (20 events):
Event: 7.086 Loading class org/openqa/selenium/ImmutableCapabilities
Event: 7.086 Loading class org/openqa/selenium/ImmutableCapabilities done
Event: 7.088 Loading class org/openqa/selenium/PersistentCapabilities
Event: 7.088 Loading class org/openqa/selenium/PersistentCapabilities done
Event: 7.091 Loading class org/openqa/selenium/PersistentCapabilities
Event: 7.091 Loading class org/openqa/selenium/PersistentCapabilities done
Event: 7.093 Loading class org/openqa/selenium/chromium/AddHasCasting$1
Event: 7.093 Loading class org/openqa/selenium/chromium/AddHasCasting$1 done
Event: 7.094 Loading class org/openqa/selenium/remote/ExecuteMethod
Event: 7.094 Loading class org/openqa/selenium/remote/ExecuteMethod done
Event: 7.094 Loading class org/openqa/selenium/remote/ExecuteMethod
Event: 7.094 Loading class org/openqa/selenium/remote/ExecuteMethod done
Event: 7.095 Loading class org/openqa/selenium/remote/RemoteWebDriver$RemoteWebDriverOptions
Event: 7.095 Loading class org/openqa/selenium/remote/RemoteWebDriver$RemoteWebDriverOptions done
Event: 7.096 Loading class org/openqa/selenium/WebDriver$Window
Event: 7.096 Loading class org/openqa/selenium/WebDriver$Window done
Event: 7.096 Loading class org/openqa/selenium/WebDriver$Timeouts
Event: 7.096 Loading class org/openqa/selenium/WebDriver$Timeouts done
Event: 7.097 Loading class org/openqa/selenium/remote/RemoteWebDriver$RemoteWebDriverOptions$RemoteWindow
Event: 7.097 Loading class org/openqa/selenium/remote/RemoteWebDriver$RemoteWebDriverOptions$RemoteWindow done

Classes unloaded (0 events):
No events

Classes redefined (1 events):
Event: 0.570 Thread 0x000002608add4660 redefined class name=java.lang.Throwable, count=1

Internal exceptions (20 events):
Event: 3.359 Thread 0x000002608adfea00 Exception <a 'java/lang/NoSuchMethodError'{0x00000000892b7de0}: 'java.lang.Object java.lang.invoke.DelegatingMethodHandle$Holder.delegate(java.lang.Object, int, java.lang.Object, java.lang.Object)'> (0x00000000892b7de0) 
thrown [s\src\hotspot\share\interpreter\linkResolver.cpp, line 773]
Event: 3.364 Thread 0x000002608adfea00 Exception <a 'java/lang/NoSuchMethodError'{0x00000000892c86d0}: 'int java.lang.invoke.Invokers$Holder.linkToTargetMethod(java.lang.Object, java.lang.Object, java.lang.Object)'> (0x00000000892c86d0) 
thrown [s\src\hotspot\share\interpreter\linkResolver.cpp, line 773]
Event: 3.372 Thread 0x000002608adfea00 Exception <a 'java/lang/NoSuchMethodError'{0x00000000892dfd70}: 'long java.lang.invoke.DirectMethodHandle$Holder.invokeSpecial(java.lang.Object, java.lang.Object)'> (0x00000000892dfd70) 
thrown [s\src\hotspot\share\interpreter\linkResolver.cpp, line 773]
Event: 3.485 Thread 0x000002608adfea00 Exception <a 'sun/nio/fs/WindowsException'{0x000000008905aed0}> (0x000000008905aed0) 
thrown [s\src\hotspot\share\prims\jni.cpp, line 520]
Event: 4.051 Thread 0x000002608adfea00 Exception <a 'java/lang/NoSuchMethodError'{0x00000000887cbca8}: 'java.lang.Object java.lang.invoke.DirectMethodHandle$Holder.invokeInterface(java.lang.Object, java.lang.Object, java.lang.Object)'> (0x00000000887cbca8) 
thrown [s\src\hotspot\share\interpreter\linkResolver.cpp, line 773]
Event: 4.051 Thread 0x000002608adfea00 Exception <a 'java/lang/IncompatibleClassChangeError'{0x00000000887cf0d0}: Found class java.lang.Object, but interface was expected> (0x00000000887cf0d0) 
thrown [s\src\hotspot\share\interpreter\linkResolver.cpp, line 840]
Event: 4.054 Thread 0x000002608adfea00 Exception <a 'java/lang/NoSuchMethodError'{0x00000000887d7648}: 'int java.lang.invoke.DirectMethodHandle$Holder.invokeSpecialIFC(java.lang.Object, java.lang.Object, java.lang.Object, java.lang.Object)'> (0x00000000887d7648) 
thrown [s\src\hotspot\share\interpreter\linkResolver.cpp, line 773]
Event: 4.061 Thread 0x000002608adfea00 Exception <a 'java/lang/NoSuchMethodError'{0x00000000887fb4e0}: 'java.lang.Object java.lang.invoke.DirectMethodHandle$Holder.invokeVirtual(java.lang.Object, java.lang.Object, java.lang.Object, java.lang.Object)'> (0x00000000887fb4e0) 
thrown [s\src\hotspot\share\interpreter\linkResolver.cpp, line 773]
Event: 4.104 Thread 0x00000260f00504b0 Exception <a 'java/net/ConnectException'{0x000000008852a770}: Connection refused: getsockopt> (0x000000008852a770) 
thrown [s\src\hotspot\share\prims\jni.cpp, line 539]
Event: 4.127 Thread 0x00000260f00504b0 Exception <a 'java/net/ConnectException'{0x000000008852c1c8}: Connection refused: getsockopt> (0x000000008852c1c8) 
thrown [s\src\hotspot\share\prims\jni.cpp, line 539]
Event: 4.157 Thread 0x00000260f00504b0 Exception <a 'java/net/ConnectException'{0x000000008852d170}: Connection refused: getsockopt> (0x000000008852d170) 
thrown [s\src\hotspot\share\prims\jni.cpp, line 539]
Event: 4.247 Thread 0x000002608adfea00 Exception <a 'java/lang/NoSuchMethodError'{0x00000000881010b0}: 'java.lang.Object java.lang.invoke.DirectMethodHandle$Holder.newInvokeSpecial(java.lang.Object, java.lang.Object, int, int)'> (0x00000000881010b0) 
thrown [s\src\hotspot\share\interpreter\linkResolver.cpp, line 773]
Event: 4.248 Thread 0x000002608adfea00 Exception <a 'java/lang/NoSuchMethodError'{0x000000008810bec0}: 'void java.lang.invoke.DirectMethodHandle$Holder.invokeStatic(java.lang.Object, java.lang.Object, int)'> (0x000000008810bec0) 
thrown [s\src\hotspot\share\interpreter\linkResolver.cpp, line 773]
Event: 4.319 Thread 0x00000260f0050b40 Exception <a 'java/lang/NoSuchMethodError'{0x00000000880a7858}: 'java.lang.Object java.lang.invoke.DirectMethodHandle$Holder.invokeSpecial(java.lang.Object, java.lang.Object, java.lang.Object, java.lang.Object, int)'> (0x00000000880a7858) 
thrown [s\src\hotspot\share\interpreter\linkResolver.cpp, line 773]
Event: 4.319 Thread 0x00000260f0050b40 Exception <a 'java/lang/NoSuchMethodError'{0x00000000880ab220}: 'java.lang.Object java.lang.invoke.Invokers$Holder.linkToTargetMethod(java.lang.Object, java.lang.Object, int, java.lang.Object)'> (0x00000000880ab220) 
thrown [s\src\hotspot\share\interpreter\linkResolver.cpp, line 773]
Event: 4.352 Thread 0x00000260f0050b40 Exception <a 'java/lang/NoSuchMethodError'{0x0000000087f20d00}: 'void java.lang.invoke.DirectMethodHandle$Holder.invokeSpecial(java.lang.Object, java.lang.Object, java.lang.Object, java.lang.Object, java.lang.Object)'> (0x0000000087f20d00) 
thrown [s\src\hotspot\share\interpreter\linkResolver.cpp, line 773]
Event: 4.374 Thread 0x00000260f004dd50 Exception <a 'java/lang/NoSuchMethodError'{0x0000000087fa11f8}: 'int java.lang.invoke.DirectMethodHandle$Holder.invokeSpecialIFC(java.lang.Object, java.lang.Object, java.lang.Object, java.lang.Object, java.lang.Object)'> (0x0000000087fa11f8) 
thrown [s\src\hotspot\share\interpreter\linkResolver.cpp, line 773]
Event: 6.776 Thread 0x00000260f004dd50 Exception <a 'java/lang/NoSuchMethodError'{0x0000000087e76c00}: 'java.lang.Object java.lang.invoke.DirectMethodHandle$Holder.newInvokeSpecial(java.lang.Object, java.lang.Object, long, java.lang.Object, java.lang.Object, java.lang.Object)'> (0x0000000087e76c00) 
thrown [s\src\hotspot\share\interpreter\linkResolver.cpp, line 773]
Event: 6.786 Thread 0x00000260f004dd50 Exception <a 'java/lang/NoSuchMethodError'{0x0000000087e8fd38}: 'void java.lang.invoke.DirectMethodHandle$Holder.invokeSpecial(java.lang.Object, java.lang.Object, java.lang.Object, java.lang.Object, java.lang.Object, java.lang.Object, java.lang.Object)'> (0x0000000087e8fd38) 
thrown [s\src\hotspot\share\interpreter\linkResolver.cpp, line 773]
Event: 6.824 Thread 0x000002608adfea00 Exception <a 'java/lang/NoSuchMethodError'{0x00000000881bf6e8}: 'java.lang.Object java.lang.invoke.DirectMethodHandle$Holder.invokeSpecialIFC(java.lang.Object, java.lang.Object, java.lang.Object)'> (0x00000000881bf6e8) 
thrown [s\src\hotspot\share\interpreter\linkResolver.cpp, line 773]

ZGC Phase Switch (0 events):
No events

VM Operations (20 events):
Event: 3.397 Executing VM operation: HandshakeAllThreads (Deoptimize)
Event: 3.397 Executing VM operation: HandshakeAllThreads (Deoptimize) done
Event: 3.397 Executing VM operation: Cleanup
Event: 3.397 Executing VM operation: Cleanup done
Event: 3.625 Executing VM operation: HandshakeAllThreads (Deoptimize)
Event: 3.626 Executing VM operation: HandshakeAllThreads (Deoptimize) done
Event: 4.076 Executing VM operation: HandshakeAllThreads (Deoptimize)
Event: 4.076 Executing VM operation: HandshakeAllThreads (Deoptimize) done
Event: 4.213 Executing VM operation: HandshakeAllThreads (Deoptimize)
Event: 4.213 Executing VM operation: HandshakeAllThreads (Deoptimize) done
Event: 5.222 Executing VM operation: Cleanup
Event: 5.223 Executing VM operation: Cleanup done
Event: 6.747 Executing VM operation: HandshakeAllThreads (Deoptimize)
Event: 6.747 Executing VM operation: HandshakeAllThreads (Deoptimize) done
Event: 6.754 Executing VM operation: HandshakeAllThreads (Deoptimize)
Event: 6.754 Executing VM operation: HandshakeAllThreads (Deoptimize) done
Event: 6.754 Executing VM operation: Cleanup
Event: 6.754 Executing VM operation: Cleanup done
Event: 7.040 Executing VM operation: G1CollectForAllocation (G1 Evacuation Pause)
Event: 7.064 Executing VM operation: G1CollectForAllocation (G1 Evacuation Pause) done

Memory protections (0 events):
No events

Nmethod flushes (0 events):
No events

Events (20 events):
Event: 4.007 Thread 0x000002608adfea00 Thread added: 0x00000260f004f790
Event: 4.071 Thread 0x000002608adfea00 Thread added: 0x00000260f004f100
Event: 4.076 Thread 0x000002608adfea00 Thread added: 0x00000260f004d6c0
Event: 4.078 Thread 0x000002608adfea00 Thread added: 0x00000260f004c9a0
Event: 4.086 Thread 0x00000260f004d6c0 Thread added: 0x00000260f00504b0
Event: 4.212 Thread 0x00000260f00504b0 Thread added: 0x00000260f004d030
Event: 4.271 Thread 0x000002608adfea00 Thread added: 0x00000260f0050b40
Event: 4.276 Thread 0x000002608adfea00 Thread added: 0x00000260f00511d0
Event: 4.370 Thread 0x00000260f004f790 Thread added: 0x00000260f004dd50
Event: 4.373 Thread 0x00000260f004f790 Thread added: 0x00000260f0053930
Event: 4.374 Thread 0x00000260f004f790 Thread added: 0x00000260f0051860
Event: 4.376 Thread 0x00000260ef00cc40 Thread added: 0x00000260f1303960
Event: 4.376 Thread 0x00000260ef00cc40 Thread added: 0x00000260f12d9260
Event: 6.745 Thread 0x00000260f12d9260 Thread exited: 0x00000260f12d9260
Event: 6.750 Thread 0x00000260f1303960 Thread exited: 0x00000260f1303960
Event: 6.923 Thread 0x000002608adfea00 Thread added: 0x00000260f0052c10
Event: 6.924 Thread 0x000002608adfea00 Thread added: 0x00000260f0051ef0
Event: 6.929 Thread 0x00000260f0052c10 Thread added: 0x00000260f0052580
Event: 6.934 Thread 0x00000260f0052c10 Thread added: 0x00000260f00532a0
Event: 6.934 Thread 0x00000260f0052c10 Thread added: 0x00000260f0bb9f20


Dynamic libraries:
0x00007ff701f00000 - 0x00007ff701f0e000 	C:\Users\AMGroup\.jdks\ms-21.0.7\bin\java.exe
0x00007ffdd1d00000 - 0x00007ffdd1f68000 	C:\WINDOWS\SYSTEM32\ntdll.dll
0x00007ffdd0550000 - 0x00007ffdd0619000 	C:\WINDOWS\System32\KERNEL32.DLL
0x00007ffdcef10000 - 0x00007ffdcf308000 	C:\WINDOWS\System32\KERNELBASE.dll
0x00007ffdcf440000 - 0x00007ffdcf58b000 	C:\WINDOWS\System32\ucrtbase.dll
0x00007ffdc9ad0000 - 0x00007ffdc9aed000 	C:\Users\AMGroup\.jdks\ms-21.0.7\bin\VCRUNTIME140.dll
0x00007ffdc81d0000 - 0x00007ffdc81e8000 	C:\Users\AMGroup\.jdks\ms-21.0.7\bin\jli.dll
0x00007ffdd0d90000 - 0x00007ffdd0f57000 	C:\WINDOWS\System32\USER32.dll
0x00007ffdbb960000 - 0x00007ffdbbbf4000 	C:\WINDOWS\WinSxS\amd64_microsoft.windows.common-controls_6595b64144ccf1df_6.0.26100.7019_none_3e06ffa0e335b8a8\COMCTL32.dll
0x00007ffdcee50000 - 0x00007ffdcee77000 	C:\WINDOWS\System32\win32u.dll
0x00007ffdd03a0000 - 0x00007ffdd0449000 	C:\WINDOWS\System32\msvcrt.dll
0x00007ffdd1a40000 - 0x00007ffdd1a6b000 	C:\WINDOWS\System32\GDI32.dll
0x00007ffdcf310000 - 0x00007ffdcf43c000 	C:\WINDOWS\System32\gdi32full.dll
0x00007ffdcf7d0000 - 0x00007ffdcf873000 	C:\WINDOWS\System32\msvcp_win.dll
0x00007ffdd1c00000 - 0x00007ffdd1c31000 	C:\WINDOWS\System32\IMM32.DLL
0x00007ffdc9ac0000 - 0x00007ffdc9acc000 	C:\Users\AMGroup\.jdks\ms-21.0.7\bin\vcruntime140_1.dll
0x00007ffdb7910000 - 0x00007ffdb799d000 	C:\Users\AMGroup\.jdks\ms-21.0.7\bin\msvcp140.dll
0x00007ffd54b20000 - 0x00007ffd558b8000 	C:\Users\AMGroup\.jdks\ms-21.0.7\bin\server\jvm.dll
0x00007ffdd0cd0000 - 0x00007ffdd0d84000 	C:\WINDOWS\System32\ADVAPI32.dll
0x00007ffdd0c20000 - 0x00007ffdd0cc6000 	C:\WINDOWS\System32\sechost.dll
0x00007ffdd0280000 - 0x00007ffdd0398000 	C:\WINDOWS\System32\RPCRT4.dll
0x00007ffdd1c40000 - 0x00007ffdd1cb4000 	C:\WINDOWS\System32\WS2_32.dll
0x00007ffdcecb0000 - 0x00007ffdced0e000 	C:\WINDOWS\SYSTEM32\POWRPROF.dll
0x00007ffdc1dc0000 - 0x00007ffdc1dcb000 	C:\WINDOWS\SYSTEM32\VERSION.dll
0x00007ffdbbc00000 - 0x00007ffdbbc35000 	C:\WINDOWS\SYSTEM32\WINMM.dll
0x00007ffdcec90000 - 0x00007ffdceca4000 	C:\WINDOWS\SYSTEM32\UMPDC.dll
0x00007ffdcdbd0000 - 0x00007ffdcdbeb000 	C:\WINDOWS\SYSTEM32\kernel.appcore.dll
0x00007ffdc9a90000 - 0x00007ffdc9a9a000 	C:\Users\AMGroup\.jdks\ms-21.0.7\bin\jimage.dll
0x00007ffdcc580000 - 0x00007ffdcc7c2000 	C:\WINDOWS\SYSTEM32\DBGHELP.DLL
0x00007ffdcfc60000 - 0x00007ffdcffeb000 	C:\WINDOWS\System32\combase.dll
0x00007ffdd1a70000 - 0x00007ffdd1b47000 	C:\WINDOWS\System32\OLEAUT32.dll
0x00007ffdb33f0000 - 0x00007ffdb342c000 	C:\WINDOWS\SYSTEM32\dbgcore.DLL
0x00007ffdcf880000 - 0x00007ffdcf925000 	C:\WINDOWS\System32\bcryptPrimitives.dll
0x00007ffdaa8c0000 - 0x00007ffdaa8cf000 	C:\Users\AMGroup\.jdks\ms-21.0.7\bin\instrument.dll
0x00007ffdc7af0000 - 0x00007ffdc7b10000 	C:\Users\AMGroup\.jdks\ms-21.0.7\bin\java.dll
0x00007ffdb96f0000 - 0x00007ffdb9708000 	C:\Users\AMGroup\.jdks\ms-21.0.7\bin\zip.dll
0x00007ffdd0f60000 - 0x00007ffdd16af000 	C:\WINDOWS\System32\SHELL32.dll
0x00007ffdcf930000 - 0x00007ffdcfa9b000 	C:\WINDOWS\System32\wintypes.dll
0x00007ffdcca50000 - 0x00007ffdcd2ad000 	C:\WINDOWS\SYSTEM32\windows.storage.dll
0x00007ffdcfaa0000 - 0x00007ffdcfb92000 	C:\WINDOWS\System32\SHCORE.dll
0x00007ffdd0bb0000 - 0x00007ffdd0c17000 	C:\WINDOWS\System32\shlwapi.dll
0x00007ffdced70000 - 0x00007ffdced99000 	C:\WINDOWS\SYSTEM32\profapi.dll
0x00007ffdb7120000 - 0x00007ffdb71f6000 	C:\Users\AMGroup\.jdks\ms-21.0.7\bin\jsvml.dll
0x00007ffdc7ae0000 - 0x00007ffdc7af0000 	C:\Users\AMGroup\.jdks\ms-21.0.7\bin\net.dll
0x00007ffdc6a40000 - 0x00007ffdc6b68000 	C:\WINDOWS\SYSTEM32\WINHTTP.dll
0x00007ffdce120000 - 0x00007ffdce18b000 	C:\WINDOWS\system32\mswsock.dll
0x00007ffdb9710000 - 0x00007ffdb9726000 	C:\Users\AMGroup\.jdks\ms-21.0.7\bin\nio.dll
0x00007ffdbab10000 - 0x00007ffdbab19000 	C:\Users\AMGroup\.jdks\ms-21.0.7\bin\extnet.dll
0x00007ffdce510000 - 0x00007ffdce52b000 	C:\WINDOWS\SYSTEM32\CRYPTSP.dll
0x00007ffdcdb30000 - 0x00007ffdcdb6a000 	C:\WINDOWS\system32\rsaenh.dll
0x00007ffdce1d0000 - 0x00007ffdce1fb000 	C:\WINDOWS\SYSTEM32\USERENV.dll
0x00007ffdced40000 - 0x00007ffdced6a000 	C:\WINDOWS\SYSTEM32\bcrypt.dll
0x00007ffdce370000 - 0x00007ffdce37c000 	C:\WINDOWS\SYSTEM32\CRYPTBASE.dll
0x00007ffdcd5c0000 - 0x00007ffdcd5f4000 	C:\WINDOWS\SYSTEM32\IPHLPAPI.DLL
0x00007ffdd1b50000 - 0x00007ffdd1b5a000 	C:\WINDOWS\System32\NSI.dll
0x00007ffdcd650000 - 0x00007ffdcd77c000 	C:\WINDOWS\SYSTEM32\DNSAPI.dll
0x00007ffdc6c30000 - 0x00007ffdc6c3b000 	C:\Windows\System32\rasadhlp.dll
0x00007ffdc4750000 - 0x00007ffdc47d6000 	C:\WINDOWS\System32\fwpuclnt.dll
0x00007ffdb96e0000 - 0x00007ffdb96ea000 	C:\Users\AMGroup\.jdks\ms-21.0.7\bin\management.dll
0x00007ffdb96d0000 - 0x00007ffdb96db000 	C:\Users\AMGroup\.jdks\ms-21.0.7\bin\management_ext.dll
0x00007ffdd04b0000 - 0x00007ffdd04b8000 	C:\WINDOWS\System32\PSAPI.DLL
0x00007ffdbb780000 - 0x00007ffdbb78e000 	C:\Users\AMGroup\.jdks\ms-21.0.7\bin\sunmscapi.dll
0x00007ffdcf650000 - 0x00007ffdcf7c7000 	C:\WINDOWS\System32\CRYPT32.dll
0x00007ffdce660000 - 0x00007ffdce690000 	C:\WINDOWS\SYSTEM32\ncrypt.dll
0x00007ffdce610000 - 0x00007ffdce64f000 	C:\WINDOWS\SYSTEM32\NTASN1.dll
0x00007ffd63be0000 - 0x00007ffd63be8000 	C:\WINDOWS\system32\wshunix.dll

dbghelp: loaded successfully - version: 4.0.5 - missing functions: none
symbol engine: initialized successfully - sym options: 0x614 - pdb path: .;C:\Users\AMGroup\.jdks\ms-21.0.7\bin;C:\WINDOWS\SYSTEM32;C:\WINDOWS\WinSxS\amd64_microsoft.windows.common-controls_6595b64144ccf1df_6.0.26100.7019_none_3e06ffa0e335b8a8;C:\Users\AMGroup\.jdks\ms-21.0.7\bin\server

VM Arguments:
jvm_args: -javaagent:C:\Users\AMGroup\AppData\Local\JetBrains\IdeaIC2025.1\captureAgent\debugger-agent.jar=file:///C:/Users/AMGroup/AppData/Local/Temp/capture10417593686197625973.props -ea --enable-preview -Didea.test.cyclic.buffer.size=1048576 -javaagent:C:\Program Files\JetBrains\IntelliJ IDEA Community Edition 2025.1.3\lib\idea_rt.jar=62016 -Dkotlinx.coroutines.debug.enable.creation.stack.trace=false -Ddebugger.agent.enable.coroutines=true -Dkotlinx.coroutines.debug.enable.flows.stack.trace=true -Dkotlinx.coroutines.debug.enable.mutable.state.flows.stack.trace=true -Dfile.encoding=UTF-8 -Dsun.stdout.encoding=UTF-8 -Dsun.stderr.encoding=UTF-8 
java_command: com.intellij.rt.testng.RemoteTestNGStarter -usedefaultlisteners false -socket62015 @w@C:\Users\AMGroup\AppData\Local\Temp\idea_working_dirs_testng.tmp -temp C:\Users\AMGroup\AppData\Local\Temp\idea_testng.tmp
java_class_path (initial): C:\Program Files\JetBrains\IntelliJ IDEA Community Edition 2025.1.3\lib\idea_rt.jar;C:\Program Files\JetBrains\IntelliJ IDEA Community Edition 2025.1.3\plugins\testng\lib\testng-rt.jar;D:\G2\CAI3_SWD6_G3_Group2\target\test-classes;D:\G2\CAI3_SWD6_G3_Group2\target\classes;C:\Users\AMGroup\.m2\repository\org\seleniumhq\selenium\selenium-java\4.38.0\selenium-java-4.38.0.jar;C:\Users\AMGroup\.m2\repository\org\seleniumhq\selenium\selenium-api\4.38.0\selenium-api-4.38.0.jar;C:\Users\AMGroup\.m2\repository\org\jspecify\jspecify\1.0.0\jspecify-1.0.0.jar;C:\Users\AMGroup\.m2\repository\org\seleniumhq\selenium\selenium-chrome-driver\4.38.0\selenium-chrome-driver-4.38.0.jar;C:\Users\AMGroup\.m2\repository\com\google\auto\service\auto-service-annotations\1.1.1\auto-service-annotations-1.1.1.jar;C:\Users\AMGroup\.m2\repository\org\seleniumhq\selenium\selenium-chromium-driver\4.38.0\selenium-chromium-driver-4.38.0.jar;C:\Users\AMGroup\.m2\repository\org\seleniumhq\selenium\selenium-json\4.38.0\selenium-json-4.38.0.jar;C:\Users\AMGroup\.m2\repository\org\seleniumhq\selenium\selenium-manager\4.38.0\selenium-manager-4.38.0.jar;C:\Users\AMGroup\.m2\repository\org\seleniumhq\selenium\selenium-devtools-v140\4.38.0\selenium-devtools-v140-4.38.0.jar;C:\Users\AMGroup\.m2\repository\org\seleniumhq\selenium\selenium-devtools-v141\4.38.0\selenium-devtools-v141-4.38.0.jar;C:\Users\AMGroup\.m2\repository\org\seleniumhq\selenium\selenium-devtools-v142\4.38.0\selenium-devtools-v142-4.38.0.jar;C:\Users\AMGroup\.m2\repository\org\seleniumhq\selenium\selenium-edge-driver\4.38.0\selenium-edge-driver-4.38.0.jar;C:\Users\AMGroup\.m2\repository\org\seleniumhq\selenium\selenium-firefox-driver\4.38.0\selenium-firefox-driver-4.38.0.jar;C:\Users\AMGroup\.m2\repository\org\seleniumhq\selenium\selenium-http\4.38.0\selenium-http-4.38.0.jar;C:\Users\AMGroup\.m2\repository\org\seleniumhq\selenium\selenium-ie-driver\4.38.0\selenium-ie-driver-4.38.0.jar;C:\Users\AMGroup\.m2\repository\org\seleniumhq\selenium\selenium-remote-driver\4.38.0\selenium-remote-driver-4.38.0.jar;C:\Users\AMGroup\.m2\repository\com\google\guava\guava\33.5.0-jre\guava-33.5.0-jre.jar;C:\Users\AMGroup\.m2\repository\com\google\guava\failureaccess\1.0.3\failureaccess-1.0.3.jar;C:\Users\AMGroup\.m2\repository\com\google\guava\listenablefuture\9999.0-empty-to-avoid-conflict-with-guava\listenablefuture-9999.0-empty-to-avoid-conflict-with-guava.jar;C:\Users\AMGroup\.m2\repository\com\google\j2objc\j2objc-annotations\3.1\j2objc-annotations-3.1.jar;C:\Users\AMGroup\.m2\repository\io\opentelemetry\opentelemetry-api\1.55.0\opentelemetry-api-1.55.0.jar;C:\Users\AMGroup\.m2\repository\io\opentelemetry\opentelemetry-context\1.55.0\opentelemetry-context-1.55.0.jar;C:\Users\AMGroup\.m2\repository\io\opentelemetry\opentelemetry-common\1.55.0\opentelemetry-common-1.55.0.jar;C:\Users\AMGroup\.m2\repository\io\opentelemetry\opentelemetry-exporter-logging\1.55.0\opentelemetry-exporter-logging-1.55.0.jar;C:\Users\AMGroup\.m2\repository\io\opentelemetry\opentelemetry-sdk-common\1.55.0\opentelemetry-sdk-common-1.55.0.jar;C:\Users\AMGroup\.m2\repository\io\opentelemetry\opentelemetry-sdk-extension-autoconfigure-spi\1.55.0\opentelemetry-sdk-extension-autoconfigure-spi-1.55.0.jar;C:\Users\AMGroup\.m2\repository\io\opentelemetry\opentelemetry-sdk-extension-autoconfigure\1.55.0\opentelemetry-sdk-extension-autoconfigure-1.55.0.jar;C:\Users\AMGroup\.m2\repository\io\opentelemetry\opentelemetry-sdk-trace\1.55.0\opentelemetry-sdk-trace-1.55.0.jar;C:\Users\AMGroup\.m2\repository\io\opentelemetry\opentelemetry-sdk\1.55.0\opentelemetry-sdk-1.55.0.jar;C:\Users\AMGroup\.m2\repository\io\opentelemetry\opentelemetry-sdk-metrics\1.55.0\opentelemetry-sdk-metrics-1.55.0.jar;C:\Users\AMGroup\.m2\repository\io\opentelemetry\opentelemetry-sdk-logs\1.55.0\opentelemetry-sdk-logs-1.55.0.jar;C:\Users\AMGroup\.m2\repository\net\bytebuddy\byte-buddy\1.17.8\byte-buddy-1.17.8.jar;C:\Users\AMGroup\.m2\repository\org\seleniumhq\selenium\selenium-os\4.38.0\selenium-os-4.38.0.jar;C:\Users\AMGroup\.m2\repository\org\apache\commons\commons-exec\1.5.0\commons-exec-1.5.0.jar;C:\Users\AMGroup\.m2\repository\org\seleniumhq\selenium\selenium-safari-driver\4.38.0\selenium-safari-driver-4.38.0.jar;C:\Users\AMGroup\.m2\repository\org\seleniumhq\selenium\selenium-support\4.38.0\selenium-support-4.38.0.jar;C:\Users\AMGroup\.m2\repository\org\testng\testng\7.11.0\testng-7.11.0.jar;C:\Users\AMGroup\.m2\repository\org\slf4j\slf4j-api\2.0.16\slf4j-api-2.0.16.jar;C:\Users\AMGroup\.m2\repository\org\jcommander\jcommander\1.83\jcommander-1.83.jar;C:\Users\AMGroup\.m2\repository\org\webjars\jquery\3.7.1\jquery-3.7.1.jar;C:\Users\AMGroup\.m2\repository\io\github\bonigarcia\webdrivermanager\6.3.3\webdrivermanager-6.3.3.jar;C:\Users\AMGroup\.m2\repository\com\google\code\gson\gson\2.13.2\gson-2.13.2.jar;C:\Users\AMGroup\.m2\repository\com\google\errorprone\error_prone_annotations\2.41.0\error_prone_annotations-2.41.0.jar;C:\Users\AMGroup\.m2\repository\com\github\docker-java\docker-java\3.6.0\docker-java-3.6.0.jar;C:\Users\AMGroup\.m2\repository\com\github\docker-java\docker-java-core\3.6.0\docker-java-core-3.6.0.jar;C:\Users\AMGroup\.m2\repository\com\github\docker-java\docker-java-api\3.6.0\docker-java-api-3.6.0.jar;C:\Users\AMGroup\.m2\repository\com\fasterxml\jackson\core\jackson-annotations\2.19.2\jackson-annotations-2.19.2.jar;C:\Users\AMGroup\.m2\repository\com\fasterxml\jackson\core\jackson-databind\2.19.2\jackson-databind-2.19.2.jar;C:\Users\AMGroup\.m2\repository\com\fasterxml\jackson\core\jackson-core\2.19.2\jackson-core-2.19.2.jar;C:\Users\AMGroup\.m2\repository\org\slf4j\jcl-over-slf4j\1.7.30\jcl-over-slf4j-1.7.30.jar;C:\Users\AMGroup\.m2\repository\com\github\docker-java\docker-java-transport-httpclient5\3.6.0\docker-java-transport-httpclient5-3.6.0.jar;C:\Users\AMGroup\.m2\repository\com\github\docker-java\docker-java-transport\3.6.0\docker-java-transport-3.6.0.jar;C:\Users\AMGroup\.m2\repository\net\java\dev\jna\jna\5.17.0\jna-5.17.0.jar;C:\Users\AMGroup\.m2\repository\org\brotli\dec\0.1.2\dec-0.1.2.jar;C:\Users\AMGroup\.m2\repository\org\apache\commons\commons-lang3\3.19.0\commons-lang3-3.19.0.jar;C:\Users\AMGroup\.m2\repository\org\apache\commons\commons-compress\1.28.0\commons-compress-1.28.0.jar;C:\Users\AMGroup\.m2\repository\commons-codec\commons-codec\1.19.0\commons-codec-1.19.0.jar;C:\Users\AMGroup\.m2\repository\org\apache\httpcomponents\client5\httpclient5\5.4.3\httpclient5-5.4.3.jar;C:\Users\AMGroup\.m2\repository\org\apache\httpcomponents\core5\httpcore5\5.3.4\httpcore5-5.3.4.jar;C:\Users\AMGroup\.m2\repository\org\apache\httpcomponents\core5\httpcore5-h2\5.3.4\httpcore5-h2-5.3.4.jar;C:\Users\AMGroup\.m2\repository\commons-io\commons-io\2.21.0\commons-io-2.21.0.jar
Launcher Type: SUN_STANDARD

[Global flags]
     intx CICompilerCount                          = 4                                         {product} {ergonomic}
     uint ConcGCThreads                            = 2                                         {product} {ergonomic}
     uint G1ConcRefinementThreads                  = 8                                         {product} {ergonomic}
   size_t G1HeapRegionSize                         = 1048576                                   {product} {ergonomic}
    uintx GCDrainStackTargetSize                   = 64                                        {product} {ergonomic}
   size_t InitialHeapSize                          = 134217728                                 {product} {ergonomic}
   size_t MarkStackSize                            = 4194304                                   {product} {ergonomic}
   size_t MaxHeapSize                              = 2118123520                                {product} {ergonomic}
   size_t MaxNewSize                               = 1270874112                                {product} {ergonomic}
   size_t MinHeapDeltaBytes                        = 1048576                                   {product} {ergonomic}
   size_t MinHeapSize                              = 8388608                                   {product} {ergonomic}
    uintx NonNMethodCodeHeapSize                   = 5839372                                {pd product} {ergonomic}
    uintx NonProfiledCodeHeapSize                  = 122909434                              {pd product} {ergonomic}
    uintx ProfiledCodeHeapSize                     = 122909434                              {pd product} {ergonomic}
    uintx ReservedCodeCacheSize                    = 251658240                              {pd product} {ergonomic}
     bool SegmentedCodeCache                       = true                                      {product} {ergonomic}
   size_t SoftMaxHeapSize                          = 2118123520                             {manageable} {ergonomic}
     bool UseCompressedOops                        = true                           {product lp64_product} {ergonomic}
     bool UseG1GC                                  = true                                      {product} {ergonomic}
     bool UseLargePagesIndividualAllocation        = false                                  {pd product} {ergonomic}

Logging:
Log output configuration:
 #0: stdout all=warning uptime,level,tags foldmultilines=false
 #1: stderr all=off uptime,level,tags foldmultilines=false

Environment Variables:
PATH=C:\WINDOWS\system32;C:\WINDOWS;C:\WINDOWS\System32\Wbem;C:\WINDOWS\System32\WindowsPowerShell\v1.0\;C:\WINDOWS\System32\OpenSSH\;C:\Program Files\MySQL\MySQL Shell 8.0\bin\;C:\Users\AMGroup\AppData\Local\Microsoft\WindowsApps;C:\Program Files\JetBrains\IntelliJ IDEA Community Edition 2025.1.3\bin;;C:\Users\AMGroup\AppData\Local\GitHubDesktop\bin
USERNAME=AMGroup
OS=Windows_NT
PROCESSOR_IDENTIFIER=Intel64 Family 6 Model 142 Stepping 11, GenuineIntel
TMP=C:\Users\AMGroup\AppData\Local\Temp
TEMP=C:\Users\AMGroup\AppData\Local\Temp




Periodic native trim disabled

---------------  S Y S T E M  ---------------

OS:
 Windows 11 , 64 bit Build 26100 (10.0.26100.7019)
OS uptime: 0 days 5:22 hours
Hyper-V role detected

CPU: total 8 (initial active 8) (4 cores per cpu, 2 threads per core) family 6 model 142 stepping 11 microcode 0xde, cx8, cmov, fxsr, ht, mmx, 3dnowpref, sse, sse2, sse3, ssse3, sse4.1, sse4.2, popcnt, lzcnt, tsc, tscinvbit, avx, avx2, aes, erms, clmul, bmi1, bmi2, adx, fma, vzeroupper, clflush, clflushopt, hv, rdtscp, f16c
Processor Information for the first 8 processors :
  Max Mhz: 1800, Current Mhz: 1600, Mhz Limit: 1584

Memory: 4k page, system-wide physical 8079M (682M free)
TotalPageFile size 15053M (AvailPageFile size 7M)
current process WorkingSet (physical memory assigned to process): 140M, peak: 140M
current process commit charge ("private bytes"): 265M, peak: 276M

vm_info: OpenJDK 64-Bit Server VM (21.0.7+6-LTS) for windows-amd64 JRE (21.0.7+6-LTS), built on 2025-04-09T22:17:25Z by "MicrosoftCorporation" with unknown MS VC++:1939

END.
