#
# There is insufficient memory for the Java Runtime Environment to continue.
# Native memory allocation (malloc) failed to allocate 32744 bytes. Error detail: Chunk::new
# Possible reasons:
#   The system is out of physical RAM or swap space
#   This process is running with CompressedOops enabled, and the Java Heap may be blocking the growth of the native heap
# Possible solutions:
#   Reduce memory load on the system
#   Increase physical memory or swap space
#   Check if swap backing store is full
#   Decrease Java heap size (-Xmx/-Xms)
#   Decrease number of Java threads
#   Decrease Java thread stack sizes (-Xss)
#   Set larger code cache with -XX:ReservedCodeCacheSize=
#   JVM is running with Unscaled Compressed Oops mode in which the Java heap is
#     placed in the first 4GB address space. The Java Heap base address is the
#     maximum limit for the native heap growth. Please use -XX:HeapBaseMinAddress
#     to set the Java Heap base and to place the Java Heap above 4GB virtual address.
# This output file may be truncated or incomplete.
#
#  Out of Memory Error (arena.cpp:168), pid=15500, tid=19528
#
# JRE version: OpenJDK Runtime Environment Microsoft-11369940 (21.0.7+6) (build 21.0.7+6-LTS)
# Java VM: OpenJDK 64-Bit Server VM Microsoft-11369940 (21.0.7+6-LTS, mixed mode, sharing, tiered, compressed oops, compressed class ptrs, g1 gc, windows-amd64)
# No core dump will be written. Minidumps are not enabled by default on client versions of Windows
#

---------------  S U M M A R Y ------------

Command Line: -javaagent:C:\Users\AMGroup\AppData\Local\JetBrains\IdeaIC2025.1\captureAgent\debugger-agent.jar=file:///C:/Users/AMGroup/AppData/Local/Temp/capture6472594704491803385.props -ea --enable-preview -Didea.test.cyclic.buffer.size=1048576 -javaagent:C:\Program Files\JetBrains\IntelliJ IDEA Community Edition 2025.1.3\lib\idea_rt.jar=65356 -Dkotlinx.coroutines.debug.enable.creation.stack.trace=false -Ddebugger.agent.enable.coroutines=true -Dkotlinx.coroutines.debug.enable.flows.stack.trace=true -Dkotlinx.coroutines.debug.enable.mutable.state.flows.stack.trace=true -Dfile.encoding=UTF-8 -Dsun.stdout.encoding=UTF-8 -Dsun.stderr.encoding=UTF-8 com.intellij.rt.testng.RemoteTestNGStarter -usedefaultlisteners false -socket59781 @w@C:\Users\AMGroup\AppData\Local\Temp\idea_working_dirs_testng.tmp -temp C:\Users\AMGroup\AppData\Local\Temp\idea_testng.tmp

Host: Intel(R) Core(TM) i5-8265U CPU @ 1.60GHz, 8 cores, 7G,  Windows 11 , 64 bit Build 26100 (10.0.26100.7019)
Time: Tue Nov 25 19:14:53 2025 Egypt Standard Time elapsed time: 3.867474 seconds (0d 0h 0m 3s)

---------------  T H R E A D  ---------------

Current thread (0x000001f7e0b62830):  JavaThread "C2 CompilerThread0" daemon [_thread_in_native, id=19528, stack(0x0000006ad8a00000,0x0000006ad8b00000) (1024K)]


Current CompileTask:
C2:3867 2018       4       java.lang.invoke.MethodType::methodType (69 bytes)

Stack: [0x0000006ad8a00000,0x0000006ad8b00000]
Native frames: (J=compiled Java code, j=interpreted, Vv=VM code, C=native code)
V  [jvm.dll+0x6d4bb9]
V  [jvm.dll+0x8afa11]
V  [jvm.dll+0x8b1f3e]
V  [jvm.dll+0x8b2623]
V  [jvm.dll+0x280816]
V  [jvm.dll+0xc52bd]
V  [jvm.dll+0xc57f3]
V  [jvm.dll+0x3c17bd]
V  [jvm.dll+0x3c0dc1]
V  [jvm.dll+0x3c0e04]
V  [jvm.dll+0x5dd626]
V  [jvm.dll+0x5ddd52]
V  [jvm.dll+0x3884df]
V  [jvm.dll+0x38792a]
V  [jvm.dll+0x248405]
V  [jvm.dll+0x2479df]
V  [jvm.dll+0x1c7aaf]
V  [jvm.dll+0x257819]
V  [jvm.dll+0x255bca]
V  [jvm.dll+0x3f5af6]
V  [jvm.dll+0x85916b]
V  [jvm.dll+0x6d327d]
C  [ucrtbase.dll+0x37b0]
C  [KERNEL32.DLL+0x2e8d7]
C  [ntdll.dll+0x8c53c]


---------------  P R O C E S S  ---------------

Threads class SMR info:
_java_thread_list=0x000001f7e61c4f00, length=26, elements={
0x000001f7c1b6ca60, 0x000001f7e04edb50, 0x000001f7e04ee6a0, 0x000001f7e04f6ae0,
0x000001f7e04f7530, 0x000001f7e04f8720, 0x000001f7e04faa50, 0x000001f7e0b62830,
0x000001f7e0b63b90, 0x000001f7e0c57470, 0x000001f7e0d6b870, 0x000001f7e0f21d30,
0x000001f7e0f30690, 0x000001f7e5d3d7b0, 0x000001f7e5d3de40, 0x000001f7e5d3b050,
0x000001f7e5d3ca90, 0x000001f7e5d3b6e0, 0x000001f7e5d3bd70, 0x000001f7e644fcf0,
0x000001f7e6450380, 0x000001f7e644e2b0, 0x000001f7e644cf00, 0x000001f7e644efd0,
0x000001f7e6450a10, 0x000001f7e5aa1b00
}

Java Threads: ( => current thread )
  0x000001f7c1b6ca60 JavaThread "Forwarding newSession on session null to remote"        [_thread_blocked, id=5004, stack(0x0000006ad7c00000,0x0000006ad7d00000) (1024K)]
  0x000001f7e04edb50 JavaThread "Reference Handler"          daemon [_thread_blocked, id=20556, stack(0x0000006ad8400000,0x0000006ad8500000) (1024K)]
  0x000001f7e04ee6a0 JavaThread "Finalizer"                  daemon [_thread_blocked, id=11072, stack(0x0000006ad8500000,0x0000006ad8600000) (1024K)]
  0x000001f7e04f6ae0 JavaThread "Signal Dispatcher"          daemon [_thread_blocked, id=11388, stack(0x0000006ad8600000,0x0000006ad8700000) (1024K)]
  0x000001f7e04f7530 JavaThread "Attach Listener"            daemon [_thread_blocked, id=14684, stack(0x0000006ad8700000,0x0000006ad8800000) (1024K)]
  0x000001f7e04f8720 JavaThread "Service Thread"             daemon [_thread_blocked, id=16192, stack(0x0000006ad8800000,0x0000006ad8900000) (1024K)]
  0x000001f7e04faa50 JavaThread "Monitor Deflation Thread"   daemon [_thread_blocked, id=20176, stack(0x0000006ad8900000,0x0000006ad8a00000) (1024K)]
=>0x000001f7e0b62830 JavaThread "C2 CompilerThread0"         daemon [_thread_in_native, id=19528, stack(0x0000006ad8a00000,0x0000006ad8b00000) (1024K)]
  0x000001f7e0b63b90 JavaThread "C1 CompilerThread0"         daemon [_thread_blocked, id=9528, stack(0x0000006ad8b00000,0x0000006ad8c00000) (1024K)]
  0x000001f7e0c57470 JavaThread "Common-Cleaner"             daemon [_thread_blocked, id=22264, stack(0x0000006ad8c00000,0x0000006ad8d00000) (1024K)]
  0x000001f7e0d6b870 JavaThread "IntelliJ Suspend Helper"    daemon [_thread_blocked, id=6612, stack(0x0000006ad8d00000,0x0000006ad8e00000) (1024K)]
  0x000001f7e0f21d30 JavaThread "Monitor Ctrl-Break"         daemon [_thread_in_native, id=8320, stack(0x0000006ad8e00000,0x0000006ad8f00000) (1024K)]
  0x000001f7e0f30690 JavaThread "Notification Thread"        daemon [_thread_blocked, id=21828, stack(0x0000006ad8f00000,0x0000006ad9000000) (1024K)]
  0x000001f7e5d3d7b0 JavaThread "ForkJoinPool.commonPool-worker-1" daemon [_thread_blocked, id=19132, stack(0x0000006ad9000000,0x0000006ad9100000) (1024K)]
  0x000001f7e5d3de40 JavaThread "HttpClient-1-SelectorManager" daemon [_thread_in_native, id=18532, stack(0x0000006ad9800000,0x0000006ad9900000) (1024K)]
  0x000001f7e5d3b050 JavaThread "External Process Output Forwarder - C:\Users\AMGroup\.cache\selenium\chromedriver\win64\142.0.7444.175\chromedriver.exe" daemon [_thread_in_native, id=14056, stack(0x0000006ad9900000,0x0000006ad9a00000) (1024K)]
  0x000001f7e5d3ca90 JavaThread "Driver Service Executor"    daemon [_thread_blocked, id=20760, stack(0x0000006ad9a00000,0x0000006ad9b00000) (1024K)]
  0x000001f7e5d3b6e0 JavaThread "Driver Service Executor"    daemon [_thread_in_native, id=9024, stack(0x0000006ad9b00000,0x0000006ad9c00000) (1024K)]
  0x000001f7e5d3bd70 JavaThread "UrlChecker-2"               daemon [_thread_blocked, id=6280, stack(0x0000006ad9c00000,0x0000006ad9d00000) (1024K)]
  0x000001f7e644fcf0 JavaThread "Keep-Alive-Timer"           daemon [_thread_blocked, id=18752, stack(0x0000006ad9e00000,0x0000006ad9f00000) (1024K)]
  0x000001f7e6450380 JavaThread "JdkHttpClient-0-0"          daemon [_thread_blocked, id=20264, stack(0x0000006ad9f00000,0x0000006ada000000) (1024K)]
  0x000001f7e644e2b0 JavaThread "CompletableFutureDelayScheduler" daemon [_thread_blocked, id=18596, stack(0x0000006ada000000,0x0000006ada100000) (1024K)]
  0x000001f7e644cf00 JavaThread "JdkHttpClient-0-1"          daemon [_thread_blocked, id=18628, stack(0x0000006ada100000,0x0000006ada200000) (1024K)]
  0x000001f7e644efd0 JavaThread "JdkHttpClient-0-2"          daemon [_thread_blocked, id=1620, stack(0x0000006ada200000,0x0000006ada300000) (1024K)]
  0x000001f7e6450a10 JavaThread "JdkHttpClient-0-3"          daemon [_thread_blocked, id=9956, stack(0x0000006ada300000,0x0000006ada400000) (1024K)]
  0x000001f7e5aa1b00 JavaThread "C2 CompilerThread1"         daemon [_thread_in_native, id=12228, stack(0x0000006ada400000,0x0000006ada500000) (1024K)]
Total: 26

Other Threads:
  0x000001f7e04cdd70 VMThread "VM Thread"                           [id=18740, stack(0x0000006ad8300000,0x0000006ad8400000) (1024K)]
  0x000001f7e04bbba0 WatcherThread "VM Periodic Task Thread"        [id=6264, stack(0x0000006ad8200000,0x0000006ad8300000) (1024K)]
  0x000001f7c3f8f2d0 WorkerThread "GC Thread#0"                     [id=14556, stack(0x0000006ad7d00000,0x0000006ad7e00000) (1024K)]
  0x000001f7e04cd9d0 WorkerThread "GC Thread#1"                     [id=21848, stack(0x0000006ad9100000,0x0000006ad9200000) (1024K)]
  0x000001f7e04cd290 WorkerThread "GC Thread#2"                     [id=10908, stack(0x0000006ad9200000,0x0000006ad9300000) (1024K)]
  0x000001f7e04cd630 WorkerThread "GC Thread#3"                     [id=20532, stack(0x0000006ad9300000,0x0000006ad9400000) (1024K)]
  0x000001f7e04ce110 WorkerThread "GC Thread#4"                     [id=21868, stack(0x0000006ad9400000,0x0000006ad9500000) (1024K)]
  0x000001f7e5dc15e0 WorkerThread "GC Thread#5"                     [id=9684, stack(0x0000006ad9500000,0x0000006ad9600000) (1024K)]
  0x000001f7e5dc0b00 WorkerThread "GC Thread#6"                     [id=1900, stack(0x0000006ad9600000,0x0000006ad9700000) (1024K)]
  0x000001f7e5dc1980 WorkerThread "GC Thread#7"                     [id=1232, stack(0x0000006ad9700000,0x0000006ad9800000) (1024K)]
  0x000001f7c3fa0cc0 ConcurrentGCThread "G1 Main Marker"            [id=21548, stack(0x0000006ad7e00000,0x0000006ad7f00000) (1024K)]
  0x000001f7c3fa26e0 WorkerThread "G1 Conc#0"                       [id=18552, stack(0x0000006ad7f00000,0x0000006ad8000000) (1024K)]
  0x000001f7e0378410 ConcurrentGCThread "G1 Refine#0"               [id=21304, stack(0x0000006ad8000000,0x0000006ad8100000) (1024K)]
  0x000001f7e037bd50 ConcurrentGCThread "G1 Service"                [id=14012, stack(0x0000006ad8100000,0x0000006ad8200000) (1024K)]
Total: 14

Threads with active compile tasks:
C2 CompilerThread0  3917 2018       4       java.lang.invoke.MethodType::methodType (69 bytes)
C2 CompilerThread1  3917 2040       4       java.lang.invoke.MethodType::makeImpl (109 bytes)
Total: 2

VM state: not at safepoint (normal execution)

VM Mutex/Monitor currently owned by a thread: None

Heap address: 0x0000000081c00000, size: 2020 MB, Compressed Oops mode: 32-bit

CDS archive(s) mapped at: [0x000001f780000000-0x000001f780c80000-0x000001f780c80000), size 13107200, SharedBaseAddress: 0x000001f780000000, ArchiveRelocationMode: 1.
Compressed class space mapped at: 0x000001f781000000-0x000001f7c1000000, reserved size: 1073741824
Narrow klass base: 0x000001f780000000, Narrow klass shift: 0, Narrow klass range: 0x100000000

GC Precious Log:
 CardTable entry size: 512
 Card Set container configuration: InlinePtr #cards 5 size 8 Array Of Cards #cards 12 size 40 Howl #buckets 4 coarsen threshold 1843 Howl Bitmap #cards 512 size 80 coarsen threshold 460 Card regions per heap region 1 cards per card region 2048
 CPUs: 8 total, 8 available
 Memory: 8079M
 Large Page Support: Disabled
 NUMA Support: Disabled
 Compressed Oops: Enabled (32-bit)
 Heap Region Size: 1M
 Heap Min Capacity: 8M
 Heap Initial Capacity: 128M
 Heap Max Capacity: 2020M
 Pre-touch: Disabled
 Parallel Workers: 8
 Concurrent Workers: 2
 Concurrent Refinement Workers: 8
 Periodic GC: Disabled

Heap:
 garbage-first heap   total 131072K, used 30805K [0x0000000081c00000, 0x0000000100000000)
  region size 1024K, 29 young (29696K), 3 survivors (3072K)
 Metaspace       used 19469K, committed 19904K, reserved 1114112K
  class space    used 2169K, committed 2368K, reserved 1048576K

Heap Regions: E=young(eden), S=young(survivor), O=old, HS=humongous(starts), HC=humongous(continues), CS=collection set, F=free, TAMS=top-at-mark-start, PB=parsable bottom
|   0|0x0000000081c00000, 0x0000000081d00000, 0x0000000081d00000|100%|HS|  |TAMS 0x0000000081c00000| PB 0x0000000081c00000| Complete 
|   1|0x0000000081d00000, 0x0000000081e00000, 0x0000000081e00000|100%| O|  |TAMS 0x0000000081d00000| PB 0x0000000081d00000| Untracked 
|   2|0x0000000081e00000, 0x0000000081e15540, 0x0000000081f00000|  8%| O|  |TAMS 0x0000000081e00000| PB 0x0000000081e00000| Untracked 
|   3|0x0000000081f00000, 0x0000000081f00000, 0x0000000082000000|  0%| F|  |TAMS 0x0000000081f00000| PB 0x0000000081f00000| Untracked 
|   4|0x0000000082000000, 0x0000000082000000, 0x0000000082100000|  0%| F|  |TAMS 0x0000000082000000| PB 0x0000000082000000| Untracked 
|   5|0x0000000082100000, 0x0000000082100000, 0x0000000082200000|  0%| F|  |TAMS 0x0000000082100000| PB 0x0000000082100000| Untracked 
|   6|0x0000000082200000, 0x0000000082200000, 0x0000000082300000|  0%| F|  |TAMS 0x0000000082200000| PB 0x0000000082200000| Untracked 
|   7|0x0000000082300000, 0x0000000082300000, 0x0000000082400000|  0%| F|  |TAMS 0x0000000082300000| PB 0x0000000082300000| Untracked 
|   8|0x0000000082400000, 0x0000000082400000, 0x0000000082500000|  0%| F|  |TAMS 0x0000000082400000| PB 0x0000000082400000| Untracked 
|   9|0x0000000082500000, 0x0000000082500000, 0x0000000082600000|  0%| F|  |TAMS 0x0000000082500000| PB 0x0000000082500000| Untracked 
|  10|0x0000000082600000, 0x0000000082600000, 0x0000000082700000|  0%| F|  |TAMS 0x0000000082600000| PB 0x0000000082600000| Untracked 
|  11|0x0000000082700000, 0x0000000082700000, 0x0000000082800000|  0%| F|  |TAMS 0x0000000082700000| PB 0x0000000082700000| Untracked 
|  12|0x0000000082800000, 0x0000000082800000, 0x0000000082900000|  0%| F|  |TAMS 0x0000000082800000| PB 0x0000000082800000| Untracked 
|  13|0x0000000082900000, 0x0000000082900000, 0x0000000082a00000|  0%| F|  |TAMS 0x0000000082900000| PB 0x0000000082900000| Untracked 
|  14|0x0000000082a00000, 0x0000000082a00000, 0x0000000082b00000|  0%| F|  |TAMS 0x0000000082a00000| PB 0x0000000082a00000| Untracked 
|  15|0x0000000082b00000, 0x0000000082b00000, 0x0000000082c00000|  0%| F|  |TAMS 0x0000000082b00000| PB 0x0000000082b00000| Untracked 
|  16|0x0000000082c00000, 0x0000000082c00000, 0x0000000082d00000|  0%| F|  |TAMS 0x0000000082c00000| PB 0x0000000082c00000| Untracked 
|  17|0x0000000082d00000, 0x0000000082d00000, 0x0000000082e00000|  0%| F|  |TAMS 0x0000000082d00000| PB 0x0000000082d00000| Untracked 
|  18|0x0000000082e00000, 0x0000000082e00000, 0x0000000082f00000|  0%| F|  |TAMS 0x0000000082e00000| PB 0x0000000082e00000| Untracked 
|  19|0x0000000082f00000, 0x0000000082f00000, 0x0000000083000000|  0%| F|  |TAMS 0x0000000082f00000| PB 0x0000000082f00000| Untracked 
|  20|0x0000000083000000, 0x0000000083000000, 0x0000000083100000|  0%| F|  |TAMS 0x0000000083000000| PB 0x0000000083000000| Untracked 
|  21|0x0000000083100000, 0x0000000083100000, 0x0000000083200000|  0%| F|  |TAMS 0x0000000083100000| PB 0x0000000083100000| Untracked 
|  22|0x0000000083200000, 0x0000000083200000, 0x0000000083300000|  0%| F|  |TAMS 0x0000000083200000| PB 0x0000000083200000| Untracked 
|  23|0x0000000083300000, 0x0000000083300000, 0x0000000083400000|  0%| F|  |TAMS 0x0000000083300000| PB 0x0000000083300000| Untracked 
|  24|0x0000000083400000, 0x0000000083400000, 0x0000000083500000|  0%| F|  |TAMS 0x0000000083400000| PB 0x0000000083400000| Untracked 
|  25|0x0000000083500000, 0x0000000083500000, 0x0000000083600000|  0%| F|  |TAMS 0x0000000083500000| PB 0x0000000083500000| Untracked 
|  26|0x0000000083600000, 0x0000000083600000, 0x0000000083700000|  0%| F|  |TAMS 0x0000000083600000| PB 0x0000000083600000| Untracked 
|  27|0x0000000083700000, 0x0000000083700000, 0x0000000083800000|  0%| F|  |TAMS 0x0000000083700000| PB 0x0000000083700000| Untracked 
|  28|0x0000000083800000, 0x0000000083800000, 0x0000000083900000|  0%| F|  |TAMS 0x0000000083800000| PB 0x0000000083800000| Untracked 
|  29|0x0000000083900000, 0x0000000083900000, 0x0000000083a00000|  0%| F|  |TAMS 0x0000000083900000| PB 0x0000000083900000| Untracked 
|  30|0x0000000083a00000, 0x0000000083a00000, 0x0000000083b00000|  0%| F|  |TAMS 0x0000000083a00000| PB 0x0000000083a00000| Untracked 
|  31|0x0000000083b00000, 0x0000000083b00000, 0x0000000083c00000|  0%| F|  |TAMS 0x0000000083b00000| PB 0x0000000083b00000| Untracked 
|  32|0x0000000083c00000, 0x0000000083c00000, 0x0000000083d00000|  0%| F|  |TAMS 0x0000000083c00000| PB 0x0000000083c00000| Untracked 
|  33|0x0000000083d00000, 0x0000000083d00000, 0x0000000083e00000|  0%| F|  |TAMS 0x0000000083d00000| PB 0x0000000083d00000| Untracked 
|  34|0x0000000083e00000, 0x0000000083e00000, 0x0000000083f00000|  0%| F|  |TAMS 0x0000000083e00000| PB 0x0000000083e00000| Untracked 
|  35|0x0000000083f00000, 0x0000000083f00000, 0x0000000084000000|  0%| F|  |TAMS 0x0000000083f00000| PB 0x0000000083f00000| Untracked 
|  36|0x0000000084000000, 0x0000000084000000, 0x0000000084100000|  0%| F|  |TAMS 0x0000000084000000| PB 0x0000000084000000| Untracked 
|  37|0x0000000084100000, 0x0000000084100000, 0x0000000084200000|  0%| F|  |TAMS 0x0000000084100000| PB 0x0000000084100000| Untracked 
|  38|0x0000000084200000, 0x0000000084200000, 0x0000000084300000|  0%| F|  |TAMS 0x0000000084200000| PB 0x0000000084200000| Untracked 
|  39|0x0000000084300000, 0x0000000084300000, 0x0000000084400000|  0%| F|  |TAMS 0x0000000084300000| PB 0x0000000084300000| Untracked 
|  40|0x0000000084400000, 0x0000000084400000, 0x0000000084500000|  0%| F|  |TAMS 0x0000000084400000| PB 0x0000000084400000| Untracked 
|  41|0x0000000084500000, 0x0000000084500000, 0x0000000084600000|  0%| F|  |TAMS 0x0000000084500000| PB 0x0000000084500000| Untracked 
|  42|0x0000000084600000, 0x0000000084600000, 0x0000000084700000|  0%| F|  |TAMS 0x0000000084600000| PB 0x0000000084600000| Untracked 
|  43|0x0000000084700000, 0x0000000084700000, 0x0000000084800000|  0%| F|  |TAMS 0x0000000084700000| PB 0x0000000084700000| Untracked 
|  44|0x0000000084800000, 0x0000000084800000, 0x0000000084900000|  0%| F|  |TAMS 0x0000000084800000| PB 0x0000000084800000| Untracked 
|  45|0x0000000084900000, 0x0000000084900000, 0x0000000084a00000|  0%| F|  |TAMS 0x0000000084900000| PB 0x0000000084900000| Untracked 
|  46|0x0000000084a00000, 0x0000000084a00000, 0x0000000084b00000|  0%| F|  |TAMS 0x0000000084a00000| PB 0x0000000084a00000| Untracked 
|  47|0x0000000084b00000, 0x0000000084b00000, 0x0000000084c00000|  0%| F|  |TAMS 0x0000000084b00000| PB 0x0000000084b00000| Untracked 
|  48|0x0000000084c00000, 0x0000000084c00000, 0x0000000084d00000|  0%| F|  |TAMS 0x0000000084c00000| PB 0x0000000084c00000| Untracked 
|  49|0x0000000084d00000, 0x0000000084d00000, 0x0000000084e00000|  0%| F|  |TAMS 0x0000000084d00000| PB 0x0000000084d00000| Untracked 
|  50|0x0000000084e00000, 0x0000000084e00000, 0x0000000084f00000|  0%| F|  |TAMS 0x0000000084e00000| PB 0x0000000084e00000| Untracked 
|  51|0x0000000084f00000, 0x0000000084f00000, 0x0000000085000000|  0%| F|  |TAMS 0x0000000084f00000| PB 0x0000000084f00000| Untracked 
|  52|0x0000000085000000, 0x0000000085000000, 0x0000000085100000|  0%| F|  |TAMS 0x0000000085000000| PB 0x0000000085000000| Untracked 
|  53|0x0000000085100000, 0x0000000085100000, 0x0000000085200000|  0%| F|  |TAMS 0x0000000085100000| PB 0x0000000085100000| Untracked 
|  54|0x0000000085200000, 0x0000000085200000, 0x0000000085300000|  0%| F|  |TAMS 0x0000000085200000| PB 0x0000000085200000| Untracked 
|  55|0x0000000085300000, 0x0000000085300000, 0x0000000085400000|  0%| F|  |TAMS 0x0000000085300000| PB 0x0000000085300000| Untracked 
|  56|0x0000000085400000, 0x0000000085400000, 0x0000000085500000|  0%| F|  |TAMS 0x0000000085400000| PB 0x0000000085400000| Untracked 
|  57|0x0000000085500000, 0x0000000085500000, 0x0000000085600000|  0%| F|  |TAMS 0x0000000085500000| PB 0x0000000085500000| Untracked 
|  58|0x0000000085600000, 0x0000000085600000, 0x0000000085700000|  0%| F|  |TAMS 0x0000000085600000| PB 0x0000000085600000| Untracked 
|  59|0x0000000085700000, 0x0000000085700000, 0x0000000085800000|  0%| F|  |TAMS 0x0000000085700000| PB 0x0000000085700000| Untracked 
|  60|0x0000000085800000, 0x0000000085800000, 0x0000000085900000|  0%| F|  |TAMS 0x0000000085800000| PB 0x0000000085800000| Untracked 
|  61|0x0000000085900000, 0x0000000085900000, 0x0000000085a00000|  0%| F|  |TAMS 0x0000000085900000| PB 0x0000000085900000| Untracked 
|  62|0x0000000085a00000, 0x0000000085a00000, 0x0000000085b00000|  0%| F|  |TAMS 0x0000000085a00000| PB 0x0000000085a00000| Untracked 
|  63|0x0000000085b00000, 0x0000000085b00000, 0x0000000085c00000|  0%| F|  |TAMS 0x0000000085b00000| PB 0x0000000085b00000| Untracked 
|  64|0x0000000085c00000, 0x0000000085c00000, 0x0000000085d00000|  0%| F|  |TAMS 0x0000000085c00000| PB 0x0000000085c00000| Untracked 
|  65|0x0000000085d00000, 0x0000000085d00000, 0x0000000085e00000|  0%| F|  |TAMS 0x0000000085d00000| PB 0x0000000085d00000| Untracked 
|  66|0x0000000085e00000, 0x0000000085e00000, 0x0000000085f00000|  0%| F|  |TAMS 0x0000000085e00000| PB 0x0000000085e00000| Untracked 
|  67|0x0000000085f00000, 0x0000000085f00000, 0x0000000086000000|  0%| F|  |TAMS 0x0000000085f00000| PB 0x0000000085f00000| Untracked 
|  68|0x0000000086000000, 0x0000000086000000, 0x0000000086100000|  0%| F|  |TAMS 0x0000000086000000| PB 0x0000000086000000| Untracked 
|  69|0x0000000086100000, 0x0000000086100000, 0x0000000086200000|  0%| F|  |TAMS 0x0000000086100000| PB 0x0000000086100000| Untracked 
|  70|0x0000000086200000, 0x0000000086200000, 0x0000000086300000|  0%| F|  |TAMS 0x0000000086200000| PB 0x0000000086200000| Untracked 
|  71|0x0000000086300000, 0x0000000086300000, 0x0000000086400000|  0%| F|  |TAMS 0x0000000086300000| PB 0x0000000086300000| Untracked 
|  72|0x0000000086400000, 0x0000000086400000, 0x0000000086500000|  0%| F|  |TAMS 0x0000000086400000| PB 0x0000000086400000| Untracked 
|  73|0x0000000086500000, 0x0000000086500000, 0x0000000086600000|  0%| F|  |TAMS 0x0000000086500000| PB 0x0000000086500000| Untracked 
|  74|0x0000000086600000, 0x0000000086600000, 0x0000000086700000|  0%| F|  |TAMS 0x0000000086600000| PB 0x0000000086600000| Untracked 
|  75|0x0000000086700000, 0x0000000086700000, 0x0000000086800000|  0%| F|  |TAMS 0x0000000086700000| PB 0x0000000086700000| Untracked 
|  76|0x0000000086800000, 0x0000000086800000, 0x0000000086900000|  0%| F|  |TAMS 0x0000000086800000| PB 0x0000000086800000| Untracked 
|  77|0x0000000086900000, 0x0000000086900000, 0x0000000086a00000|  0%| F|  |TAMS 0x0000000086900000| PB 0x0000000086900000| Untracked 
|  78|0x0000000086a00000, 0x0000000086a00000, 0x0000000086b00000|  0%| F|  |TAMS 0x0000000086a00000| PB 0x0000000086a00000| Untracked 
|  79|0x0000000086b00000, 0x0000000086b00000, 0x0000000086c00000|  0%| F|  |TAMS 0x0000000086b00000| PB 0x0000000086b00000| Untracked 
|  80|0x0000000086c00000, 0x0000000086c00000, 0x0000000086d00000|  0%| F|  |TAMS 0x0000000086c00000| PB 0x0000000086c00000| Untracked 
|  81|0x0000000086d00000, 0x0000000086d00000, 0x0000000086e00000|  0%| F|  |TAMS 0x0000000086d00000| PB 0x0000000086d00000| Untracked 
|  82|0x0000000086e00000, 0x0000000086e00000, 0x0000000086f00000|  0%| F|  |TAMS 0x0000000086e00000| PB 0x0000000086e00000| Untracked 
|  83|0x0000000086f00000, 0x0000000086f00000, 0x0000000087000000|  0%| F|  |TAMS 0x0000000086f00000| PB 0x0000000086f00000| Untracked 
|  84|0x0000000087000000, 0x0000000087000000, 0x0000000087100000|  0%| F|  |TAMS 0x0000000087000000| PB 0x0000000087000000| Untracked 
|  85|0x0000000087100000, 0x0000000087100000, 0x0000000087200000|  0%| F|  |TAMS 0x0000000087100000| PB 0x0000000087100000| Untracked 
|  86|0x0000000087200000, 0x0000000087200000, 0x0000000087300000|  0%| F|  |TAMS 0x0000000087200000| PB 0x0000000087200000| Untracked 
|  87|0x0000000087300000, 0x0000000087300000, 0x0000000087400000|  0%| F|  |TAMS 0x0000000087300000| PB 0x0000000087300000| Untracked 
|  88|0x0000000087400000, 0x0000000087400000, 0x0000000087500000|  0%| F|  |TAMS 0x0000000087400000| PB 0x0000000087400000| Untracked 
|  89|0x0000000087500000, 0x0000000087500000, 0x0000000087600000|  0%| F|  |TAMS 0x0000000087500000| PB 0x0000000087500000| Untracked 
|  90|0x0000000087600000, 0x0000000087600000, 0x0000000087700000|  0%| F|  |TAMS 0x0000000087600000| PB 0x0000000087600000| Untracked 
|  91|0x0000000087700000, 0x0000000087700000, 0x0000000087800000|  0%| F|  |TAMS 0x0000000087700000| PB 0x0000000087700000| Untracked 
|  92|0x0000000087800000, 0x0000000087800000, 0x0000000087900000|  0%| F|  |TAMS 0x0000000087800000| PB 0x0000000087800000| Untracked 
|  93|0x0000000087900000, 0x0000000087900000, 0x0000000087a00000|  0%| F|  |TAMS 0x0000000087900000| PB 0x0000000087900000| Untracked 
|  94|0x0000000087a00000, 0x0000000087a00000, 0x0000000087b00000|  0%| F|  |TAMS 0x0000000087a00000| PB 0x0000000087a00000| Untracked 
|  95|0x0000000087b00000, 0x0000000087b00000, 0x0000000087c00000|  0%| F|  |TAMS 0x0000000087b00000| PB 0x0000000087b00000| Untracked 
|  96|0x0000000087c00000, 0x0000000087c00000, 0x0000000087d00000|  0%| F|  |TAMS 0x0000000087c00000| PB 0x0000000087c00000| Untracked 
|  97|0x0000000087d00000, 0x0000000087d00000, 0x0000000087e00000|  0%| F|  |TAMS 0x0000000087d00000| PB 0x0000000087d00000| Untracked 
|  98|0x0000000087e00000, 0x0000000087e00000, 0x0000000087f00000|  0%| F|  |TAMS 0x0000000087e00000| PB 0x0000000087e00000| Untracked 
|  99|0x0000000087f00000, 0x0000000087fc70b8, 0x0000000088000000| 77%| E|  |TAMS 0x0000000087f00000| PB 0x0000000087f00000| Complete 
| 100|0x0000000088000000, 0x0000000088100000, 0x0000000088100000|100%| E|CS|TAMS 0x0000000088000000| PB 0x0000000088000000| Complete 
| 101|0x0000000088100000, 0x0000000088200000, 0x0000000088200000|100%| E|CS|TAMS 0x0000000088100000| PB 0x0000000088100000| Complete 
| 102|0x0000000088200000, 0x0000000088300000, 0x0000000088300000|100%| S|CS|TAMS 0x0000000088200000| PB 0x0000000088200000| Complete 
| 103|0x0000000088300000, 0x0000000088400000, 0x0000000088400000|100%| S|CS|TAMS 0x0000000088300000| PB 0x0000000088300000| Complete 
| 104|0x0000000088400000, 0x0000000088500000, 0x0000000088500000|100%| S|CS|TAMS 0x0000000088400000| PB 0x0000000088400000| Complete 
| 105|0x0000000088500000, 0x0000000088600000, 0x0000000088600000|100%| E|CS|TAMS 0x0000000088500000| PB 0x0000000088500000| Complete 
| 106|0x0000000088600000, 0x0000000088700000, 0x0000000088700000|100%| E|CS|TAMS 0x0000000088600000| PB 0x0000000088600000| Complete 
| 107|0x0000000088700000, 0x0000000088800000, 0x0000000088800000|100%| E|CS|TAMS 0x0000000088700000| PB 0x0000000088700000| Complete 
| 108|0x0000000088800000, 0x0000000088900000, 0x0000000088900000|100%| E|CS|TAMS 0x0000000088800000| PB 0x0000000088800000| Complete 
| 109|0x0000000088900000, 0x0000000088a00000, 0x0000000088a00000|100%| E|CS|TAMS 0x0000000088900000| PB 0x0000000088900000| Complete 
| 110|0x0000000088a00000, 0x0000000088b00000, 0x0000000088b00000|100%| E|CS|TAMS 0x0000000088a00000| PB 0x0000000088a00000| Complete 
| 111|0x0000000088b00000, 0x0000000088c00000, 0x0000000088c00000|100%| E|CS|TAMS 0x0000000088b00000| PB 0x0000000088b00000| Complete 
| 112|0x0000000088c00000, 0x0000000088d00000, 0x0000000088d00000|100%| E|CS|TAMS 0x0000000088c00000| PB 0x0000000088c00000| Complete 
| 113|0x0000000088d00000, 0x0000000088e00000, 0x0000000088e00000|100%| E|CS|TAMS 0x0000000088d00000| PB 0x0000000088d00000| Complete 
| 114|0x0000000088e00000, 0x0000000088f00000, 0x0000000088f00000|100%| E|CS|TAMS 0x0000000088e00000| PB 0x0000000088e00000| Complete 
| 115|0x0000000088f00000, 0x0000000089000000, 0x0000000089000000|100%| E|CS|TAMS 0x0000000088f00000| PB 0x0000000088f00000| Complete 
| 116|0x0000000089000000, 0x0000000089100000, 0x0000000089100000|100%| E|CS|TAMS 0x0000000089000000| PB 0x0000000089000000| Complete 
| 117|0x0000000089100000, 0x0000000089200000, 0x0000000089200000|100%| E|CS|TAMS 0x0000000089100000| PB 0x0000000089100000| Complete 
| 118|0x0000000089200000, 0x0000000089300000, 0x0000000089300000|100%| E|CS|TAMS 0x0000000089200000| PB 0x0000000089200000| Complete 
| 119|0x0000000089300000, 0x0000000089400000, 0x0000000089400000|100%| E|CS|TAMS 0x0000000089300000| PB 0x0000000089300000| Complete 
| 120|0x0000000089400000, 0x0000000089500000, 0x0000000089500000|100%| E|CS|TAMS 0x0000000089400000| PB 0x0000000089400000| Complete 
| 121|0x0000000089500000, 0x0000000089600000, 0x0000000089600000|100%| E|CS|TAMS 0x0000000089500000| PB 0x0000000089500000| Complete 
| 122|0x0000000089600000, 0x0000000089700000, 0x0000000089700000|100%| E|CS|TAMS 0x0000000089600000| PB 0x0000000089600000| Complete 
| 123|0x0000000089700000, 0x0000000089800000, 0x0000000089800000|100%| E|CS|TAMS 0x0000000089700000| PB 0x0000000089700000| Complete 
| 124|0x0000000089800000, 0x0000000089900000, 0x0000000089900000|100%| E|CS|TAMS 0x0000000089800000| PB 0x0000000089800000| Complete 
| 125|0x0000000089900000, 0x0000000089a00000, 0x0000000089a00000|100%| E|CS|TAMS 0x0000000089900000| PB 0x0000000089900000| Complete 
| 126|0x0000000089a00000, 0x0000000089b00000, 0x0000000089b00000|100%| E|CS|TAMS 0x0000000089a00000| PB 0x0000000089a00000| Complete 
| 127|0x0000000089b00000, 0x0000000089c00000, 0x0000000089c00000|100%| E|CS|TAMS 0x0000000089b00000| PB 0x0000000089b00000| Complete 

Card table byte_map: [0x000001f7dbd50000,0x000001f7dc150000] _byte_map_base: 0x000001f7db942000

Marking Bits: (CMBitMap*) 0x000001f7c3f8f8e0
 Bits: [0x000001f7dc150000, 0x000001f7de0e0000)

Polling page: 0x000001f7c1d80000

Metaspace:

Usage:
  Non-class:     16.89 MB used.
      Class:      2.12 MB used.
       Both:     19.01 MB used.

Virtual space:
  Non-class space:       64.00 MB reserved,      17.12 MB ( 27%) committed,  1 nodes.
      Class space:        1.00 GB reserved,       2.31 MB ( <1%) committed,  1 nodes.
             Both:        1.06 GB reserved,      19.44 MB (  2%) committed. 

Chunk freelists:
   Non-Class:  14.14 MB
       Class:  13.55 MB
        Both:  27.69 MB

MaxMetaspaceSize: unlimited
CompressedClassSpaceSize: 1.00 GB
Initial GC threshold: 21.00 MB
Current GC threshold: 21.00 MB
CDS: on
 - commit_granule_bytes: 65536.
 - commit_granule_words: 8192.
 - virtual_space_node_default_size: 8388608.
 - enlarge_chunks_in_place: 1.
 - use_allocation_guard: 0.


Internal statistics:

num_allocs_failed_limit: 0.
num_arena_births: 506.
num_arena_deaths: 0.
num_vsnodes_births: 2.
num_vsnodes_deaths: 0.
num_space_committed: 311.
num_space_uncommitted: 0.
num_chunks_returned_to_freelist: 0.
num_chunks_taken_from_freelist: 936.
num_chunk_merges: 0.
num_chunk_splits: 532.
num_chunks_enlarged: 254.
num_inconsistent_stats: 0.

CodeHeap 'non-profiled nmethods': size=120000Kb used=777Kb max_used=777Kb free=119222Kb
 bounds [0x000001f7d40f0000, 0x000001f7d4360000, 0x000001f7db620000]
CodeHeap 'profiled nmethods': size=120000Kb used=3952Kb max_used=3952Kb free=116047Kb
 bounds [0x000001f7cc620000, 0x000001f7cca00000, 0x000001f7d3b50000]
CodeHeap 'non-nmethods': size=5760Kb used=1494Kb max_used=1512Kb free=4265Kb
 bounds [0x000001f7d3b50000, 0x000001f7d3dc0000, 0x000001f7d40f0000]
 total_blobs=2647 nmethods=2076 adapters=475
 compilation: enabled
              stopped_count=0, restarted_count=0
 full_count=0

Compilation events (20 events):
Event: 3.725 Thread 0x000001f7e5aa1b00 2080       4       jdk.internal.org.objectweb.asm.ByteVector::putShort (52 bytes)
Event: 3.726 Thread 0x000001f7e0b63b90 nmethod 2076 0x000001f7cc9f5210 code [0x000001f7cc9f5480, 0x000001f7cc9f5c30]
Event: 3.726 Thread 0x000001f7e0b63b90 2071       3       java.lang.invoke.AbstractValidatingLambdaMetafactory::isAdaptableToAsReturnStrict (34 bytes)
Event: 3.726 Thread 0x000001f7e0b63b90 nmethod 2071 0x000001f7cc9f5f90 code [0x000001f7cc9f6180, 0x000001f7cc9f66f8]
Event: 3.726 Thread 0x000001f7e0b63b90 2072       3       java.lang.invoke.InnerClassLambdaMetafactory::spinInnerClass (118 bytes)
Event: 3.727 Thread 0x000001f7e0b63b90 nmethod 2072 0x000001f7cc9f6890 code [0x000001f7cc9f6a60, 0x000001f7cc9f6d38]
Event: 3.727 Thread 0x000001f7e0b63b90 2073       3       java.lang.invoke.LambdaProxyClassArchive::find (63 bytes)
Event: 3.727 Thread 0x000001f7e5aa1b00 nmethod 2080 0x000001f7d41b1e10 code [0x000001f7d41b1fc0, 0x000001f7d41b2188]
Event: 3.727 Thread 0x000001f7e5aa1b00 2040       4       java.lang.invoke.MethodType::makeImpl (109 bytes)
Event: 3.728 Thread 0x000001f7e0b63b90 nmethod 2073 0x000001f7cc9f6e10 code [0x000001f7cc9f7040, 0x000001f7cc9f77d8]
Event: 3.728 Thread 0x000001f7e0b63b90 2074       3       java.lang.invoke.LambdaProxyClassArchive::loadedByBuiltinLoader (22 bytes)
Event: 3.728 Thread 0x000001f7e0b63b90 nmethod 2074 0x000001f7cc9f7a90 code [0x000001f7cc9f7c60, 0x000001f7cc9f8048]
Event: 3.728 Thread 0x000001f7e0b63b90 2082       3       java.lang.invoke.MethodHandles$Lookup::getDirectMethodNoSecurityManager (18 bytes)
Event: 3.729 Thread 0x000001f7e0b63b90 nmethod 2082 0x000001f7cc9f8190 code [0x000001f7cc9f8340, 0x000001f7cc9f8490]
Event: 3.729 Thread 0x000001f7e0b63b90 2075       3       jdk.internal.misc.CDS::isSharingEnabled (4 bytes)
Event: 3.729 Thread 0x000001f7e0b63b90 nmethod 2075 0x000001f7cc9f8590 code [0x000001f7cc9f8720, 0x000001f7cc9f8810]
Event: 3.729 Thread 0x000001f7e0b63b90 2078   !   3       java.lang.invoke.InnerClassLambdaMetafactory::buildCallSite (150 bytes)
Event: 3.731 Thread 0x000001f7e0b63b90 nmethod 2078 0x000001f7cc9f8890 code [0x000001f7cc9f8ca0, 0x000001f7cc9fa6c8]
Event: 3.734 Thread 0x000001f7e0b63b90 2083       3       java.lang.invoke.InnerClassLambdaMetafactory$ForwardingMethodGenerator::invocationOpcode (104 bytes)
Event: 3.735 Thread 0x000001f7e0b63b90 nmethod 2083 0x000001f7cc9fb490 code [0x000001f7cc9fb6e0, 0x000001f7cc9fbe48]

GC Heap History (2 events):
Event: 2.203 GC heap before
{Heap before GC invocations=0 (full 0):
 garbage-first heap   total 131072K, used 23552K [0x0000000081c00000, 0x0000000100000000)
  region size 1024K, 23 young (23552K), 0 survivors (0K)
 Metaspace       used 9866K, committed 10176K, reserved 1114112K
  class space    used 1008K, committed 1152K, reserved 1048576K
}
Event: 2.213 GC heap after
{Heap after GC invocations=1 (full 0):
 garbage-first heap   total 131072K, used 5205K [0x0000000081c00000, 0x0000000100000000)
  region size 1024K, 3 young (3072K), 3 survivors (3072K)
 Metaspace       used 9866K, committed 10176K, reserved 1114112K
  class space    used 1008K, committed 1152K, reserved 1048576K
}

Dll operation events (12 events):
Event: 0.189 Loaded shared library C:\Users\AMGroup\.jdks\ms-21.0.7\bin\java.dll
Event: 0.192 Loaded shared library C:\Users\AMGroup\.jdks\ms-21.0.7\bin\zip.dll
Event: 0.253 Loaded shared library C:\Users\AMGroup\.jdks\ms-21.0.7\bin\jsvml.dll
Event: 0.456 Loaded shared library C:\Users\AMGroup\.jdks\ms-21.0.7\bin\instrument.dll
Event: 0.606 Loaded shared library C:\Users\AMGroup\.jdks\ms-21.0.7\bin\net.dll
Event: 0.610 Loaded shared library C:\Users\AMGroup\.jdks\ms-21.0.7\bin\nio.dll
Event: 0.643 Loaded shared library C:\Users\AMGroup\.jdks\ms-21.0.7\bin\zip.dll
Event: 0.686 Loaded shared library C:\Users\AMGroup\.jdks\ms-21.0.7\bin\extnet.dll
Event: 0.927 Loaded shared library C:\Users\AMGroup\.jdks\ms-21.0.7\bin\jimage.dll
Event: 2.448 Loaded shared library C:\Users\AMGroup\.jdks\ms-21.0.7\bin\management.dll
Event: 2.451 Loaded shared library C:\Users\AMGroup\.jdks\ms-21.0.7\bin\management_ext.dll
Event: 3.337 Loaded shared library C:\Users\AMGroup\.jdks\ms-21.0.7\bin\sunmscapi.dll

Deoptimization events (20 events):
Event: 3.221 Thread 0x000001f7c1b6ca60 DEOPT PACKING pc=0x000001f7cc96258b sp=0x0000006ad7cfbeb0
Event: 3.221 Thread 0x000001f7c1b6ca60 DEOPT UNPACKING pc=0x000001f7d3ba4e42 sp=0x0000006ad7cfb328 mode 0
Event: 3.222 Thread 0x000001f7c1b6ca60 DEOPT PACKING pc=0x000001f7cc96258b sp=0x0000006ad7cfbec0
Event: 3.222 Thread 0x000001f7c1b6ca60 DEOPT UNPACKING pc=0x000001f7d3ba4e42 sp=0x0000006ad7cfb338 mode 0
Event: 3.347 Thread 0x000001f7c1b6ca60 Uncommon trap: trap_request=0xffffff45 fr.pc=0x000001f7d41937b4 relative=0x0000000000000274
Event: 3.347 Thread 0x000001f7c1b6ca60 Uncommon trap: reason=unstable_if action=reinterpret pc=0x000001f7d41937b4 method=java.util.HashMap.putVal(ILjava/lang/Object;Ljava/lang/Object;ZZ)Ljava/lang/Object; @ 162 c2
Event: 3.347 Thread 0x000001f7c1b6ca60 DEOPT PACKING pc=0x000001f7d41937b4 sp=0x0000006ad7cfb170
Event: 3.347 Thread 0x000001f7c1b6ca60 DEOPT UNPACKING pc=0x000001f7d3ba46a2 sp=0x0000006ad7cfb0a8 mode 2
Event: 3.452 Thread 0x000001f7c1b6ca60 Uncommon trap: trap_request=0xffffffde fr.pc=0x000001f7d418049c relative=0x000000000000033c
Event: 3.452 Thread 0x000001f7c1b6ca60 Uncommon trap: reason=class_check action=maybe_recompile pc=0x000001f7d418049c method=java.util.regex.Pattern$BmpCharPropertyGreedy.match(Ljava/util/regex/Matcher;ILjava/lang/CharSequence;)Z @ 26 c2
Event: 3.452 Thread 0x000001f7c1b6ca60 DEOPT PACKING pc=0x000001f7d418049c sp=0x0000006ad7cfcdb0
Event: 3.452 Thread 0x000001f7c1b6ca60 DEOPT UNPACKING pc=0x000001f7d3ba46a2 sp=0x0000006ad7cfcd68 mode 2
Event: 3.452 Thread 0x000001f7c1b6ca60 Uncommon trap: trap_request=0xffffffde fr.pc=0x000001f7d418049c relative=0x000000000000033c
Event: 3.452 Thread 0x000001f7c1b6ca60 Uncommon trap: reason=class_check action=maybe_recompile pc=0x000001f7d418049c method=java.util.regex.Pattern$BmpCharPropertyGreedy.match(Ljava/util/regex/Matcher;ILjava/lang/CharSequence;)Z @ 26 c2
Event: 3.452 Thread 0x000001f7c1b6ca60 DEOPT PACKING pc=0x000001f7d418049c sp=0x0000006ad7cfcdb0
Event: 3.452 Thread 0x000001f7c1b6ca60 DEOPT UNPACKING pc=0x000001f7d3ba46a2 sp=0x0000006ad7cfcd68 mode 2
Event: 3.510 Thread 0x000001f7e5d3bd70 Uncommon trap: trap_request=0xffffffde fr.pc=0x000001f7d418049c relative=0x000000000000033c
Event: 3.510 Thread 0x000001f7e5d3bd70 Uncommon trap: reason=class_check action=maybe_recompile pc=0x000001f7d418049c method=java.util.regex.Pattern$BmpCharPropertyGreedy.match(Ljava/util/regex/Matcher;ILjava/lang/CharSequence;)Z @ 26 c2
Event: 3.510 Thread 0x000001f7e5d3bd70 DEOPT PACKING pc=0x000001f7d418049c sp=0x0000006ad9cfe2b0
Event: 3.510 Thread 0x000001f7e5d3bd70 DEOPT UNPACKING pc=0x000001f7d3ba46a2 sp=0x0000006ad9cfe248 mode 2

Classes loaded (20 events):
Event: 3.736 Loading class jdk/internal/net/http/ExchangeImpl
Event: 3.736 Loading class jdk/internal/net/http/ExchangeImpl done
Event: 3.737 Loading class jdk/internal/net/http/Http1Response
Event: 3.737 Loading class jdk/internal/net/http/Http1Response done
Event: 3.737 Loading class jdk/internal/net/http/Http1Response$State
Event: 3.737 Loading class jdk/internal/net/http/Http1Response$State done
Event: 3.737 Loading class jdk/internal/net/http/Http1Response$State
Event: 3.737 Loading class jdk/internal/net/http/Http1Response$State done
Event: 3.737 Loading class java/util/concurrent/CompletableFuture$UniApply
Event: 3.737 Loading class java/util/concurrent/CompletableFuture$UniApply done
Event: 3.738 Loading class jdk/internal/net/http/Exchange
Event: 3.738 Loading class jdk/internal/net/http/Exchange done
Event: 3.738 Loading class jdk/internal/net/http/Response
Event: 3.738 Loading class jdk/internal/net/http/Response done
Event: 3.738 Loading class jdk/internal/net/http/Response
Event: 3.738 Loading class jdk/internal/net/http/Response done
Event: 3.738 Loading class jdk/internal/net/http/Exchange
Event: 3.738 Loading class jdk/internal/net/http/Exchange done
Event: 3.739 Loading class jdk/internal/net/http/Response
Event: 3.739 Loading class jdk/internal/net/http/Response done

Classes unloaded (0 events):
No events

Classes redefined (1 events):
Event: 0.545 Thread 0x000001f7e04cdd70 redefined class name=java.lang.Throwable, count=1

Internal exceptions (20 events):
Event: 2.911 Thread 0x000001f7c1b6ca60 Exception <a 'java/lang/NoSuchMethodError'{0x0000000089265890}: 'int java.lang.invoke.DirectMethodHandle$Holder.invokeStaticInit(java.lang.Object, double, double)'> (0x0000000089265890) 
thrown [s\src\hotspot\share\interpreter\linkResolver.cpp, line 773]
Event: 2.911 Thread 0x000001f7c1b6ca60 Exception <a 'java/lang/NoSuchMethodError'{0x000000008926a0c8}: 'int java.lang.invoke.DirectMethodHandle$Holder.invokeStatic(java.lang.Object, long)'> (0x000000008926a0c8) 
thrown [s\src\hotspot\share\interpreter\linkResolver.cpp, line 773]
Event: 2.915 Thread 0x000001f7c1b6ca60 Exception <a 'java/lang/NoSuchMethodError'{0x000000008927ea08}: 'int java.lang.invoke.DirectMethodHandle$Holder.invokeSpecial(java.lang.Object, java.lang.Object, java.lang.Object, java.lang.Object)'> (0x000000008927ea08) 
thrown [s\src\hotspot\share\interpreter\linkResolver.cpp, line 773]
Event: 2.920 Thread 0x000001f7c1b6ca60 Exception <a 'java/lang/NoSuchMethodError'{0x00000000892905e8}: 'java.lang.Object java.lang.invoke.DirectMethodHandle$Holder.invokeSpecial(java.lang.Object, java.lang.Object, int, java.lang.Object, java.lang.Object)'> (0x00000000892905e8) 
thrown [s\src\hotspot\share\interpreter\linkResolver.cpp, line 773]
Event: 2.921 Thread 0x000001f7c1b6ca60 Exception <a 'java/lang/NoSuchMethodError'{0x0000000089294058}: 'java.lang.Object java.lang.invoke.DelegatingMethodHandle$Holder.delegate(java.lang.Object, int, java.lang.Object, java.lang.Object)'> (0x0000000089294058) 
thrown [s\src\hotspot\share\interpreter\linkResolver.cpp, line 773]
Event: 2.925 Thread 0x000001f7c1b6ca60 Exception <a 'java/lang/NoSuchMethodError'{0x00000000892a4708}: 'int java.lang.invoke.Invokers$Holder.linkToTargetMethod(java.lang.Object, java.lang.Object, java.lang.Object)'> (0x00000000892a4708) 
thrown [s\src\hotspot\share\interpreter\linkResolver.cpp, line 773]
Event: 2.930 Thread 0x000001f7c1b6ca60 Exception <a 'java/lang/NoSuchMethodError'{0x00000000892bbda8}: 'long java.lang.invoke.DirectMethodHandle$Holder.invokeSpecial(java.lang.Object, java.lang.Object)'> (0x00000000892bbda8) 
thrown [s\src\hotspot\share\interpreter\linkResolver.cpp, line 773]
Event: 3.019 Thread 0x000001f7c1b6ca60 Exception <a 'sun/nio/fs/WindowsException'{0x0000000089044390}> (0x0000000089044390) 
thrown [s\src\hotspot\share\prims\jni.cpp, line 520]
Event: 3.449 Thread 0x000001f7c1b6ca60 Exception <a 'java/lang/NoSuchMethodError'{0x00000000887a9710}: 'java.lang.Object java.lang.invoke.DirectMethodHandle$Holder.invokeInterface(java.lang.Object, java.lang.Object, java.lang.Object)'> (0x00000000887a9710) 
thrown [s\src\hotspot\share\interpreter\linkResolver.cpp, line 773]
Event: 3.450 Thread 0x000001f7c1b6ca60 Exception <a 'java/lang/IncompatibleClassChangeError'{0x00000000887acb38}: Found class java.lang.Object, but interface was expected> (0x00000000887acb38) 
thrown [s\src\hotspot\share\interpreter\linkResolver.cpp, line 840]
Event: 3.451 Thread 0x000001f7c1b6ca60 Exception <a 'java/lang/NoSuchMethodError'{0x00000000887b50b0}: 'int java.lang.invoke.DirectMethodHandle$Holder.invokeSpecialIFC(java.lang.Object, java.lang.Object, java.lang.Object, java.lang.Object)'> (0x00000000887b50b0) 
thrown [s\src\hotspot\share\interpreter\linkResolver.cpp, line 773]
Event: 3.458 Thread 0x000001f7c1b6ca60 Exception <a 'java/lang/NoSuchMethodError'{0x00000000887d8bf8}: 'java.lang.Object java.lang.invoke.DirectMethodHandle$Holder.invokeVirtual(java.lang.Object, java.lang.Object, java.lang.Object, java.lang.Object)'> (0x00000000887d8bf8) 
thrown [s\src\hotspot\share\interpreter\linkResolver.cpp, line 773]
Event: 3.522 Thread 0x000001f7e5d3bd70 Exception <a 'java/net/ConnectException'{0x00000000885083b8}: Connection refused: getsockopt> (0x00000000885083b8) 
thrown [s\src\hotspot\share\prims\jni.cpp, line 539]
Event: 3.543 Thread 0x000001f7e5d3bd70 Exception <a 'java/net/ConnectException'{0x0000000088509e10}: Connection refused: getsockopt> (0x0000000088509e10) 
thrown [s\src\hotspot\share\prims\jni.cpp, line 539]
Event: 3.615 Thread 0x000001f7c1b6ca60 Exception <a 'java/lang/NoSuchMethodError'{0x00000000885bc6a0}: 'java.lang.Object java.lang.invoke.DirectMethodHandle$Holder.newInvokeSpecial(java.lang.Object, java.lang.Object, int, int)'> (0x00000000885bc6a0) 
thrown [s\src\hotspot\share\interpreter\linkResolver.cpp, line 773]
Event: 3.617 Thread 0x000001f7c1b6ca60 Exception <a 'java/lang/NoSuchMethodError'{0x00000000885c74b0}: 'void java.lang.invoke.DirectMethodHandle$Holder.invokeStatic(java.lang.Object, java.lang.Object, int)'> (0x00000000885c74b0) 
thrown [s\src\hotspot\share\interpreter\linkResolver.cpp, line 773]
Event: 3.679 Thread 0x000001f7e6450380 Exception <a 'java/lang/NoSuchMethodError'{0x00000000880593f8}: 'java.lang.Object java.lang.invoke.DirectMethodHandle$Holder.invokeSpecial(java.lang.Object, java.lang.Object, java.lang.Object, java.lang.Object, int)'> (0x00000000880593f8) 
thrown [s\src\hotspot\share\interpreter\linkResolver.cpp, line 773]
Event: 3.679 Thread 0x000001f7e6450380 Exception <a 'java/lang/NoSuchMethodError'{0x000000008805cdc0}: 'java.lang.Object java.lang.invoke.Invokers$Holder.linkToTargetMethod(java.lang.Object, java.lang.Object, int, java.lang.Object)'> (0x000000008805cdc0) 
thrown [s\src\hotspot\share\interpreter\linkResolver.cpp, line 773]
Event: 3.702 Thread 0x000001f7e6450380 Exception <a 'java/lang/NoSuchMethodError'{0x00000000880d2b28}: 'void java.lang.invoke.DirectMethodHandle$Holder.invokeSpecial(java.lang.Object, java.lang.Object, java.lang.Object, java.lang.Object, java.lang.Object)'> (0x00000000880d2b28) 
thrown [s\src\hotspot\share\interpreter\linkResolver.cpp, line 773]
Event: 3.720 Thread 0x000001f7e644cf00 Exception <a 'java/lang/NoSuchMethodError'{0x0000000087f2f328}: 'int java.lang.invoke.DirectMethodHandle$Holder.invokeSpecialIFC(java.lang.Object, java.lang.Object, java.lang.Object, java.lang.Object, java.lang.Object)'> (0x0000000087f2f328) 
thrown [s\src\hotspot\share\interpreter\linkResolver.cpp, line 773]

ZGC Phase Switch (0 events):
No events

VM Operations (20 events):
Event: 2.203 Executing VM operation: G1CollectForAllocation (G1 Evacuation Pause)
Event: 2.213 Executing VM operation: G1CollectForAllocation (G1 Evacuation Pause) done
Event: 2.278 Executing VM operation: HandshakeAllThreads (Deoptimize)
Event: 2.278 Executing VM operation: HandshakeAllThreads (Deoptimize) done
Event: 2.470 Executing VM operation: HandshakeAllThreads (Deoptimize)
Event: 2.470 Executing VM operation: HandshakeAllThreads (Deoptimize) done
Event: 2.896 Executing VM operation: HandshakeAllThreads (Deoptimize)
Event: 2.896 Executing VM operation: HandshakeAllThreads (Deoptimize) done
Event: 2.948 Executing VM operation: HandshakeAllThreads (Deoptimize)
Event: 2.948 Executing VM operation: HandshakeAllThreads (Deoptimize) done
Event: 3.150 Executing VM operation: HandshakeAllThreads (Deoptimize)
Event: 3.150 Executing VM operation: HandshakeAllThreads (Deoptimize) done
Event: 3.458 Executing VM operation: ICBufferFull
Event: 3.458 Executing VM operation: ICBufferFull done
Event: 3.474 Executing VM operation: HandshakeAllThreads (Deoptimize)
Event: 3.474 Executing VM operation: HandshakeAllThreads (Deoptimize) done
Event: 3.474 Executing VM operation: HandshakeAllThreads (Deoptimize)
Event: 3.474 Executing VM operation: HandshakeAllThreads (Deoptimize) done
Event: 3.580 Executing VM operation: HandshakeAllThreads (Deoptimize)
Event: 3.580 Executing VM operation: HandshakeAllThreads (Deoptimize) done

Memory protections (0 events):
No events

Nmethod flushes (0 events):
No events

Events (20 events):
Event: 0.548 Thread 0x000001f7c1b6ca60 Thread added: 0x000001f7e0d6b870
Event: 0.654 Thread 0x000001f7c1b6ca60 Thread added: 0x000001f7e0f21d30
Event: 0.654 Thread 0x000001f7c1b6ca60 Thread added: 0x000001f7e0f30690
Event: 0.822 Thread 0x000001f7e0b63b90 Thread added: 0x000001f7e5132780
Event: 2.368 Thread 0x000001f7e5132780 Thread exited: 0x000001f7e5132780
Event: 2.532 Thread 0x000001f7c1b6ca60 Thread added: 0x000001f7e5d3ca90
Event: 2.741 Thread 0x000001f7e5d3ca90 Thread exited: 0x000001f7e5d3ca90
Event: 2.839 Thread 0x000001f7c1b6ca60 Thread added: 0x000001f7e5d3d7b0
Event: 3.424 Thread 0x000001f7c1b6ca60 Thread added: 0x000001f7e5d3de40
Event: 3.470 Thread 0x000001f7c1b6ca60 Thread added: 0x000001f7e5d3b050
Event: 3.475 Thread 0x000001f7c1b6ca60 Thread added: 0x000001f7e5d3ca90
Event: 3.476 Thread 0x000001f7c1b6ca60 Thread added: 0x000001f7e5d3b6e0
Event: 3.505 Thread 0x000001f7e5d3ca90 Thread added: 0x000001f7e5d3bd70
Event: 3.580 Thread 0x000001f7e5d3bd70 Thread added: 0x000001f7e644fcf0
Event: 3.639 Thread 0x000001f7c1b6ca60 Thread added: 0x000001f7e6450380
Event: 3.645 Thread 0x000001f7c1b6ca60 Thread added: 0x000001f7e644e2b0
Event: 3.716 Thread 0x000001f7e5d3de40 Thread added: 0x000001f7e644cf00
Event: 3.719 Thread 0x000001f7e5d3de40 Thread added: 0x000001f7e644efd0
Event: 3.720 Thread 0x000001f7e5d3de40 Thread added: 0x000001f7e6450a10
Event: 3.724 Thread 0x000001f7e0b63b90 Thread added: 0x000001f7e5aa1b00


Dynamic libraries:
0x00007ff701f00000 - 0x00007ff701f0e000 	C:\Users\AMGroup\.jdks\ms-21.0.7\bin\java.exe
0x00007ffdd1d00000 - 0x00007ffdd1f68000 	C:\WINDOWS\SYSTEM32\ntdll.dll
0x00007ffdd0550000 - 0x00007ffdd0619000 	C:\WINDOWS\System32\KERNEL32.DLL
0x00007ffdcef10000 - 0x00007ffdcf308000 	C:\WINDOWS\System32\KERNELBASE.dll
0x00007ffdcf440000 - 0x00007ffdcf58b000 	C:\WINDOWS\System32\ucrtbase.dll
0x00007ffdc81d0000 - 0x00007ffdc81e8000 	C:\Users\AMGroup\.jdks\ms-21.0.7\bin\jli.dll
0x00007ffdc9ad0000 - 0x00007ffdc9aed000 	C:\Users\AMGroup\.jdks\ms-21.0.7\bin\VCRUNTIME140.dll
0x00007ffdd0d90000 - 0x00007ffdd0f57000 	C:\WINDOWS\System32\USER32.dll
0x00007ffdcee50000 - 0x00007ffdcee77000 	C:\WINDOWS\System32\win32u.dll
0x00007ffdbb960000 - 0x00007ffdbbbf4000 	C:\WINDOWS\WinSxS\amd64_microsoft.windows.common-controls_6595b64144ccf1df_6.0.26100.7019_none_3e06ffa0e335b8a8\COMCTL32.dll
0x00007ffdd1a40000 - 0x00007ffdd1a6b000 	C:\WINDOWS\System32\GDI32.dll
0x00007ffdd03a0000 - 0x00007ffdd0449000 	C:\WINDOWS\System32\msvcrt.dll
0x00007ffdcf310000 - 0x00007ffdcf43c000 	C:\WINDOWS\System32\gdi32full.dll
0x00007ffdcf7d0000 - 0x00007ffdcf873000 	C:\WINDOWS\System32\msvcp_win.dll
0x00007ffdd1c00000 - 0x00007ffdd1c31000 	C:\WINDOWS\System32\IMM32.DLL
0x00007ffdc9ac0000 - 0x00007ffdc9acc000 	C:\Users\AMGroup\.jdks\ms-21.0.7\bin\vcruntime140_1.dll
0x00007ffdb7910000 - 0x00007ffdb799d000 	C:\Users\AMGroup\.jdks\ms-21.0.7\bin\msvcp140.dll
0x00007ffd54b20000 - 0x00007ffd558b8000 	C:\Users\AMGroup\.jdks\ms-21.0.7\bin\server\jvm.dll
0x00007ffdd0cd0000 - 0x00007ffdd0d84000 	C:\WINDOWS\System32\ADVAPI32.dll
0x00007ffdd0c20000 - 0x00007ffdd0cc6000 	C:\WINDOWS\System32\sechost.dll
0x00007ffdd0280000 - 0x00007ffdd0398000 	C:\WINDOWS\System32\RPCRT4.dll
0x00007ffdd1c40000 - 0x00007ffdd1cb4000 	C:\WINDOWS\System32\WS2_32.dll
0x00007ffdcecb0000 - 0x00007ffdced0e000 	C:\WINDOWS\SYSTEM32\POWRPROF.dll
0x00007ffdbbc00000 - 0x00007ffdbbc35000 	C:\WINDOWS\SYSTEM32\WINMM.dll
0x00007ffdc1dc0000 - 0x00007ffdc1dcb000 	C:\WINDOWS\SYSTEM32\VERSION.dll
0x00007ffdcec90000 - 0x00007ffdceca4000 	C:\WINDOWS\SYSTEM32\UMPDC.dll
0x00007ffdcdbd0000 - 0x00007ffdcdbeb000 	C:\WINDOWS\SYSTEM32\kernel.appcore.dll
0x00007ffdc9a90000 - 0x00007ffdc9a9a000 	C:\Users\AMGroup\.jdks\ms-21.0.7\bin\jimage.dll
0x00007ffdcc580000 - 0x00007ffdcc7c2000 	C:\WINDOWS\SYSTEM32\DBGHELP.DLL
0x00007ffdcfc60000 - 0x00007ffdcffeb000 	C:\WINDOWS\System32\combase.dll
0x00007ffdd1a70000 - 0x00007ffdd1b47000 	C:\WINDOWS\System32\OLEAUT32.dll
0x00007ffdb33f0000 - 0x00007ffdb342c000 	C:\WINDOWS\SYSTEM32\dbgcore.DLL
0x00007ffdcf880000 - 0x00007ffdcf925000 	C:\WINDOWS\System32\bcryptPrimitives.dll
0x00007ffdb3570000 - 0x00007ffdb357f000 	C:\Users\AMGroup\.jdks\ms-21.0.7\bin\instrument.dll
0x00007ffdc7af0000 - 0x00007ffdc7b10000 	C:\Users\AMGroup\.jdks\ms-21.0.7\bin\java.dll
0x00007ffdb96f0000 - 0x00007ffdb9708000 	C:\Users\AMGroup\.jdks\ms-21.0.7\bin\zip.dll
0x00007ffdd0f60000 - 0x00007ffdd16af000 	C:\WINDOWS\System32\SHELL32.dll
0x00007ffdcf930000 - 0x00007ffdcfa9b000 	C:\WINDOWS\System32\wintypes.dll
0x00007ffdcca50000 - 0x00007ffdcd2ad000 	C:\WINDOWS\SYSTEM32\windows.storage.dll
0x00007ffdcfaa0000 - 0x00007ffdcfb92000 	C:\WINDOWS\System32\SHCORE.dll
0x00007ffdd0bb0000 - 0x00007ffdd0c17000 	C:\WINDOWS\System32\shlwapi.dll
0x00007ffdced70000 - 0x00007ffdced99000 	C:\WINDOWS\SYSTEM32\profapi.dll
0x00007ffdb7120000 - 0x00007ffdb71f6000 	C:\Users\AMGroup\.jdks\ms-21.0.7\bin\jsvml.dll
0x00007ffdc7ae0000 - 0x00007ffdc7af0000 	C:\Users\AMGroup\.jdks\ms-21.0.7\bin\net.dll
0x00007ffdc6a40000 - 0x00007ffdc6b68000 	C:\WINDOWS\SYSTEM32\WINHTTP.dll
0x00007ffdce120000 - 0x00007ffdce18b000 	C:\WINDOWS\system32\mswsock.dll
0x00007ffdb9710000 - 0x00007ffdb9726000 	C:\Users\AMGroup\.jdks\ms-21.0.7\bin\nio.dll
0x00007ffdbab10000 - 0x00007ffdbab19000 	C:\Users\AMGroup\.jdks\ms-21.0.7\bin\extnet.dll
0x00007ffdce510000 - 0x00007ffdce52b000 	C:\WINDOWS\SYSTEM32\CRYPTSP.dll
0x00007ffdcdb30000 - 0x00007ffdcdb6a000 	C:\WINDOWS\system32\rsaenh.dll
0x00007ffdce1d0000 - 0x00007ffdce1fb000 	C:\WINDOWS\SYSTEM32\USERENV.dll
0x00007ffdced40000 - 0x00007ffdced6a000 	C:\WINDOWS\SYSTEM32\bcrypt.dll
0x00007ffdce370000 - 0x00007ffdce37c000 	C:\WINDOWS\SYSTEM32\CRYPTBASE.dll
0x00007ffdcd5c0000 - 0x00007ffdcd5f4000 	C:\WINDOWS\SYSTEM32\IPHLPAPI.DLL
0x00007ffdd1b50000 - 0x00007ffdd1b5a000 	C:\WINDOWS\System32\NSI.dll
0x00007ffdcd650000 - 0x00007ffdcd77c000 	C:\WINDOWS\SYSTEM32\DNSAPI.dll
0x00007ffdc6c30000 - 0x00007ffdc6c3b000 	C:\Windows\System32\rasadhlp.dll
0x00007ffdc4750000 - 0x00007ffdc47d6000 	C:\WINDOWS\System32\fwpuclnt.dll
0x00007ffdb96e0000 - 0x00007ffdb96ea000 	C:\Users\AMGroup\.jdks\ms-21.0.7\bin\management.dll
0x00007ffdb96d0000 - 0x00007ffdb96db000 	C:\Users\AMGroup\.jdks\ms-21.0.7\bin\management_ext.dll
0x00007ffdd04b0000 - 0x00007ffdd04b8000 	C:\WINDOWS\System32\PSAPI.DLL
0x00007ffdbb780000 - 0x00007ffdbb78e000 	C:\Users\AMGroup\.jdks\ms-21.0.7\bin\sunmscapi.dll
0x00007ffdcf650000 - 0x00007ffdcf7c7000 	C:\WINDOWS\System32\CRYPT32.dll
0x00007ffdce660000 - 0x00007ffdce690000 	C:\WINDOWS\SYSTEM32\ncrypt.dll
0x00007ffdce610000 - 0x00007ffdce64f000 	C:\WINDOWS\SYSTEM32\NTASN1.dll
0x00007ffd63be0000 - 0x00007ffd63be8000 	C:\WINDOWS\system32\wshunix.dll

dbghelp: loaded successfully - version: 4.0.5 - missing functions: none
symbol engine: initialized successfully - sym options: 0x614 - pdb path: .;C:\Users\AMGroup\.jdks\ms-21.0.7\bin;C:\WINDOWS\SYSTEM32;C:\WINDOWS\WinSxS\amd64_microsoft.windows.common-controls_6595b64144ccf1df_6.0.26100.7019_none_3e06ffa0e335b8a8;C:\Users\AMGroup\.jdks\ms-21.0.7\bin\server

VM Arguments:
jvm_args: -javaagent:C:\Users\AMGroup\AppData\Local\JetBrains\IdeaIC2025.1\captureAgent\debugger-agent.jar=file:///C:/Users/AMGroup/AppData/Local/Temp/capture6472594704491803385.props -ea --enable-preview -Didea.test.cyclic.buffer.size=1048576 -javaagent:C:\Program Files\JetBrains\IntelliJ IDEA Community Edition 2025.1.3\lib\idea_rt.jar=65356 -Dkotlinx.coroutines.debug.enable.creation.stack.trace=false -Ddebugger.agent.enable.coroutines=true -Dkotlinx.coroutines.debug.enable.flows.stack.trace=true -Dkotlinx.coroutines.debug.enable.mutable.state.flows.stack.trace=true -Dfile.encoding=UTF-8 -Dsun.stdout.encoding=UTF-8 -Dsun.stderr.encoding=UTF-8 
java_command: com.intellij.rt.testng.RemoteTestNGStarter -usedefaultlisteners false -socket59781 @w@C:\Users\AMGroup\AppData\Local\Temp\idea_working_dirs_testng.tmp -temp C:\Users\AMGroup\AppData\Local\Temp\idea_testng.tmp
java_class_path (initial): C:\Program Files\JetBrains\IntelliJ IDEA Community Edition 2025.1.3\lib\idea_rt.jar;C:\Program Files\JetBrains\IntelliJ IDEA Community Edition 2025.1.3\plugins\testng\lib\testng-rt.jar;D:\G2\CAI3_SWD6_G3_Group2\target\test-classes;D:\G2\CAI3_SWD6_G3_Group2\target\classes;C:\Users\AMGroup\.m2\repository\org\seleniumhq\selenium\selenium-java\4.38.0\selenium-java-4.38.0.jar;C:\Users\AMGroup\.m2\repository\org\seleniumhq\selenium\selenium-api\4.38.0\selenium-api-4.38.0.jar;C:\Users\AMGroup\.m2\repository\org\jspecify\jspecify\1.0.0\jspecify-1.0.0.jar;C:\Users\AMGroup\.m2\repository\org\seleniumhq\selenium\selenium-chrome-driver\4.38.0\selenium-chrome-driver-4.38.0.jar;C:\Users\AMGroup\.m2\repository\com\google\auto\service\auto-service-annotations\1.1.1\auto-service-annotations-1.1.1.jar;C:\Users\AMGroup\.m2\repository\org\seleniumhq\selenium\selenium-chromium-driver\4.38.0\selenium-chromium-driver-4.38.0.jar;C:\Users\AMGroup\.m2\repository\org\seleniumhq\selenium\selenium-json\4.38.0\selenium-json-4.38.0.jar;C:\Users\AMGroup\.m2\repository\org\seleniumhq\selenium\selenium-manager\4.38.0\selenium-manager-4.38.0.jar;C:\Users\AMGroup\.m2\repository\org\seleniumhq\selenium\selenium-devtools-v140\4.38.0\selenium-devtools-v140-4.38.0.jar;C:\Users\AMGroup\.m2\repository\org\seleniumhq\selenium\selenium-devtools-v141\4.38.0\selenium-devtools-v141-4.38.0.jar;C:\Users\AMGroup\.m2\repository\org\seleniumhq\selenium\selenium-devtools-v142\4.38.0\selenium-devtools-v142-4.38.0.jar;C:\Users\AMGroup\.m2\repository\org\seleniumhq\selenium\selenium-edge-driver\4.38.0\selenium-edge-driver-4.38.0.jar;C:\Users\AMGroup\.m2\repository\org\seleniumhq\selenium\selenium-firefox-driver\4.38.0\selenium-firefox-driver-4.38.0.jar;C:\Users\AMGroup\.m2\repository\org\seleniumhq\selenium\selenium-http\4.38.0\selenium-http-4.38.0.jar;C:\Users\AMGroup\.m2\repository\org\seleniumhq\selenium\selenium-ie-driver\4.38.0\selenium-ie-driver-4.38.0.jar;C:\Users\AMGroup\.m2\repository\org\seleniumhq\selenium\selenium-remote-driver\4.38.0\selenium-remote-driver-4.38.0.jar;C:\Users\AMGroup\.m2\repository\com\google\guava\guava\33.5.0-jre\guava-33.5.0-jre.jar;C:\Users\AMGroup\.m2\repository\com\google\guava\failureaccess\1.0.3\failureaccess-1.0.3.jar;C:\Users\AMGroup\.m2\repository\com\google\guava\listenablefuture\9999.0-empty-to-avoid-conflict-with-guava\listenablefuture-9999.0-empty-to-avoid-conflict-with-guava.jar;C:\Users\AMGroup\.m2\repository\com\google\j2objc\j2objc-annotations\3.1\j2objc-annotations-3.1.jar;C:\Users\AMGroup\.m2\repository\io\opentelemetry\opentelemetry-api\1.55.0\opentelemetry-api-1.55.0.jar;C:\Users\AMGroup\.m2\repository\io\opentelemetry\opentelemetry-context\1.55.0\opentelemetry-context-1.55.0.jar;C:\Users\AMGroup\.m2\repository\io\opentelemetry\opentelemetry-common\1.55.0\opentelemetry-common-1.55.0.jar;C:\Users\AMGroup\.m2\repository\io\opentelemetry\opentelemetry-exporter-logging\1.55.0\opentelemetry-exporter-logging-1.55.0.jar;C:\Users\AMGroup\.m2\repository\io\opentelemetry\opentelemetry-sdk-common\1.55.0\opentelemetry-sdk-common-1.55.0.jar;C:\Users\AMGroup\.m2\repository\io\opentelemetry\opentelemetry-sdk-extension-autoconfigure-spi\1.55.0\opentelemetry-sdk-extension-autoconfigure-spi-1.55.0.jar;C:\Users\AMGroup\.m2\repository\io\opentelemetry\opentelemetry-sdk-extension-autoconfigure\1.55.0\opentelemetry-sdk-extension-autoconfigure-1.55.0.jar;C:\Users\AMGroup\.m2\repository\io\opentelemetry\opentelemetry-sdk-trace\1.55.0\opentelemetry-sdk-trace-1.55.0.jar;C:\Users\AMGroup\.m2\repository\io\opentelemetry\opentelemetry-sdk\1.55.0\opentelemetry-sdk-1.55.0.jar;C:\Users\AMGroup\.m2\repository\io\opentelemetry\opentelemetry-sdk-metrics\1.55.0\opentelemetry-sdk-metrics-1.55.0.jar;C:\Users\AMGroup\.m2\repository\io\opentelemetry\opentelemetry-sdk-logs\1.55.0\opentelemetry-sdk-logs-1.55.0.jar;C:\Users\AMGroup\.m2\repository\net\bytebuddy\byte-buddy\1.17.8\byte-buddy-1.17.8.jar;C:\Users\AMGroup\.m2\repository\org\seleniumhq\selenium\selenium-os\4.38.0\selenium-os-4.38.0.jar;C:\Users\AMGroup\.m2\repository\org\apache\commons\commons-exec\1.5.0\commons-exec-1.5.0.jar;C:\Users\AMGroup\.m2\repository\org\seleniumhq\selenium\selenium-safari-driver\4.38.0\selenium-safari-driver-4.38.0.jar;C:\Users\AMGroup\.m2\repository\org\seleniumhq\selenium\selenium-support\4.38.0\selenium-support-4.38.0.jar;C:\Users\AMGroup\.m2\repository\org\testng\testng\7.11.0\testng-7.11.0.jar;C:\Users\AMGroup\.m2\repository\org\slf4j\slf4j-api\2.0.16\slf4j-api-2.0.16.jar;C:\Users\AMGroup\.m2\repository\org\jcommander\jcommander\1.83\jcommander-1.83.jar;C:\Users\AMGroup\.m2\repository\org\webjars\jquery\3.7.1\jquery-3.7.1.jar;C:\Users\AMGroup\.m2\repository\io\github\bonigarcia\webdrivermanager\6.3.3\webdrivermanager-6.3.3.jar;C:\Users\AMGroup\.m2\repository\com\google\code\gson\gson\2.13.2\gson-2.13.2.jar;C:\Users\AMGroup\.m2\repository\com\google\errorprone\error_prone_annotations\2.41.0\error_prone_annotations-2.41.0.jar;C:\Users\AMGroup\.m2\repository\com\github\docker-java\docker-java\3.6.0\docker-java-3.6.0.jar;C:\Users\AMGroup\.m2\repository\com\github\docker-java\docker-java-core\3.6.0\docker-java-core-3.6.0.jar;C:\Users\AMGroup\.m2\repository\com\github\docker-java\docker-java-api\3.6.0\docker-java-api-3.6.0.jar;C:\Users\AMGroup\.m2\repository\com\fasterxml\jackson\core\jackson-annotations\2.19.2\jackson-annotations-2.19.2.jar;C:\Users\AMGroup\.m2\repository\com\fasterxml\jackson\core\jackson-databind\2.19.2\jackson-databind-2.19.2.jar;C:\Users\AMGroup\.m2\repository\com\fasterxml\jackson\core\jackson-core\2.19.2\jackson-core-2.19.2.jar;C:\Users\AMGroup\.m2\repository\org\slf4j\jcl-over-slf4j\1.7.30\jcl-over-slf4j-1.7.30.jar;C:\Users\AMGroup\.m2\repository\com\github\docker-java\docker-java-transport-httpclient5\3.6.0\docker-java-transport-httpclient5-3.6.0.jar;C:\Users\AMGroup\.m2\repository\com\github\docker-java\docker-java-transport\3.6.0\docker-java-transport-3.6.0.jar;C:\Users\AMGroup\.m2\repository\net\java\dev\jna\jna\5.17.0\jna-5.17.0.jar;C:\Users\AMGroup\.m2\repository\org\brotli\dec\0.1.2\dec-0.1.2.jar;C:\Users\AMGroup\.m2\repository\org\apache\commons\commons-lang3\3.19.0\commons-lang3-3.19.0.jar;C:\Users\AMGroup\.m2\repository\org\apache\commons\commons-compress\1.28.0\commons-compress-1.28.0.jar;C:\Users\AMGroup\.m2\repository\commons-codec\commons-codec\1.19.0\commons-codec-1.19.0.jar;C:\Users\AMGroup\.m2\repository\org\apache\httpcomponents\client5\httpclient5\5.4.3\httpclient5-5.4.3.jar;C:\Users\AMGroup\.m2\repository\org\apache\httpcomponents\core5\httpcore5\5.3.4\httpcore5-5.3.4.jar;C:\Users\AMGroup\.m2\repository\org\apache\httpcomponents\core5\httpcore5-h2\5.3.4\httpcore5-h2-5.3.4.jar;C:\Users\AMGroup\.m2\repository\commons-io\commons-io\2.21.0\commons-io-2.21.0.jar
Launcher Type: SUN_STANDARD

[Global flags]
     intx CICompilerCount                          = 4                                         {product} {ergonomic}
     uint ConcGCThreads                            = 2                                         {product} {ergonomic}
     uint G1ConcRefinementThreads                  = 8                                         {product} {ergonomic}
   size_t G1HeapRegionSize                         = 1048576                                   {product} {ergonomic}
    uintx GCDrainStackTargetSize                   = 64                                        {product} {ergonomic}
   size_t InitialHeapSize                          = 134217728                                 {product} {ergonomic}
   size_t MarkStackSize                            = 4194304                                   {product} {ergonomic}
   size_t MaxHeapSize                              = 2118123520                                {product} {ergonomic}
   size_t MaxNewSize                               = 1270874112                                {product} {ergonomic}
   size_t MinHeapDeltaBytes                        = 1048576                                   {product} {ergonomic}
   size_t MinHeapSize                              = 8388608                                   {product} {ergonomic}
    uintx NonNMethodCodeHeapSize                   = 5839372                                {pd product} {ergonomic}
    uintx NonProfiledCodeHeapSize                  = 122909434                              {pd product} {ergonomic}
    uintx ProfiledCodeHeapSize                     = 122909434                              {pd product} {ergonomic}
    uintx ReservedCodeCacheSize                    = 251658240                              {pd product} {ergonomic}
     bool SegmentedCodeCache                       = true                                      {product} {ergonomic}
   size_t SoftMaxHeapSize                          = 2118123520                             {manageable} {ergonomic}
     bool UseCompressedOops                        = true                           {product lp64_product} {ergonomic}
     bool UseG1GC                                  = true                                      {product} {ergonomic}
     bool UseLargePagesIndividualAllocation        = false                                  {pd product} {ergonomic}

Logging:
Log output configuration:
 #0: stdout all=warning uptime,level,tags foldmultilines=false
 #1: stderr all=off uptime,level,tags foldmultilines=false

Environment Variables:
PATH=C:\WINDOWS\system32;C:\WINDOWS;C:\WINDOWS\System32\Wbem;C:\WINDOWS\System32\WindowsPowerShell\v1.0\;C:\WINDOWS\System32\OpenSSH\;C:\Program Files\MySQL\MySQL Shell 8.0\bin\;C:\Users\AMGroup\AppData\Local\Microsoft\WindowsApps;C:\Program Files\JetBrains\IntelliJ IDEA Community Edition 2025.1.3\bin;;C:\Users\AMGroup\AppData\Local\GitHubDesktop\bin
USERNAME=AMGroup
OS=Windows_NT
PROCESSOR_IDENTIFIER=Intel64 Family 6 Model 142 Stepping 11, GenuineIntel
TMP=C:\Users\AMGroup\AppData\Local\Temp
TEMP=C:\Users\AMGroup\AppData\Local\Temp




Periodic native trim disabled

---------------  S Y S T E M  ---------------

OS:
 Windows 11 , 64 bit Build 26100 (10.0.26100.7019)
OS uptime: 0 days 5:21 hours
Hyper-V role detected

CPU: total 8 (initial active 8) (4 cores per cpu, 2 threads per core) family 6 model 142 stepping 11 microcode 0xde, cx8, cmov, fxsr, ht, mmx, 3dnowpref, sse, sse2, sse3, ssse3, sse4.1, sse4.2, popcnt, lzcnt, tsc, tscinvbit, avx, avx2, aes, erms, clmul, bmi1, bmi2, adx, fma, vzeroupper, clflush, clflushopt, hv, rdtscp, f16c
Processor Information for the first 8 processors :
  Max Mhz: 1800, Current Mhz: 1600, Mhz Limit: 1584

Memory: 4k page, system-wide physical 8079M (992M free)
TotalPageFile size 15053M (AvailPageFile size 0M)
current process WorkingSet (physical memory assigned to process): 153M, peak: 153M
current process commit charge ("private bytes"): 288M, peak: 289M

vm_info: OpenJDK 64-Bit Server VM (21.0.7+6-LTS) for windows-amd64 JRE (21.0.7+6-LTS), built on 2025-04-09T22:17:25Z by "MicrosoftCorporation" with unknown MS VC++:1939

END.
